0 info it worked if it ends with ok
1 verbose cli [ 'C:\\Program Files\\nodejs\\node.exe',
1 verbose cli   'C:\\Program Files\\nodejs\\node_modules\\npm\\bin\\npm-cli.js',
1 verbose cli   'install' ]
2 info using npm@4.0.5
3 info using node@v7.4.0
4 silly loadCurrentTree Starting
5 silly install loadCurrentTree
6 silly install readLocalPackageData
7 silly install normalizeTree
8 silly loadCurrentTree Finishing
9 silly loadIdealTree Starting
10 silly install loadIdealTree
11 silly cloneCurrentTree Starting
12 silly install cloneCurrentTreeToIdealTree
13 silly cloneCurrentTree Finishing
14 silly loadShrinkwrap Starting
15 silly install loadShrinkwrap
16 silly loadShrinkwrap Finishing
17 silly loadAllDepsIntoIdealTree Starting
18 silly install loadAllDepsIntoIdealTree
19 silly fetchNamedPackageData grunt-contrib-imagemin
20 silly mapToRegistry name grunt-contrib-imagemin
21 silly mapToRegistry using default registry
22 silly mapToRegistry registry http://registry.npmjs.org/
23 silly mapToRegistry data Result {
23 silly mapToRegistry   raw: 'grunt-contrib-imagemin',
23 silly mapToRegistry   scope: null,
23 silly mapToRegistry   escapedName: 'grunt-contrib-imagemin',
23 silly mapToRegistry   name: 'grunt-contrib-imagemin',
23 silly mapToRegistry   rawSpec: '',
23 silly mapToRegistry   spec: 'latest',
23 silly mapToRegistry   type: 'tag' }
24 silly mapToRegistry uri http://registry.npmjs.org/grunt-contrib-imagemin
25 verbose request uri http://registry.npmjs.org/grunt-contrib-imagemin
26 verbose request no auth needed
27 info attempt registry request try #1 at 5:51:47 PM
28 verbose request id 0132d673e5775866
29 verbose etag W/"59b677f9-fc96"
30 verbose lastModified Mon, 11 Sep 2017 11:48:09 GMT
31 http request GET http://registry.npmjs.org/grunt-contrib-imagemin
32 http 200 http://registry.npmjs.org/grunt-contrib-imagemin
33 verbose headers { server: 'nginx/1.10.1',
33 verbose headers   'content-type': 'application/json',
33 verbose headers   'last-modified': 'Mon, 11 Sep 2017 11:48:09 GMT',
33 verbose headers   etag: 'W/"59b677f9-fc96"',
33 verbose headers   'cache-control': 'max-age=300',
33 verbose headers   'content-length': '6776',
33 verbose headers   'accept-ranges': 'bytes',
33 verbose headers   date: 'Mon, 23 Oct 2017 12:21:47 GMT',
33 verbose headers   via: '1.1 varnish',
33 verbose headers   age: '58',
33 verbose headers   'x-served-by': 'cache-atl6220-ATL',
33 verbose headers   'x-cache': 'HIT',
33 verbose headers   'x-cache-hits': '1',
33 verbose headers   'x-timer': 'S1508761308.991230,VS0,VE0',
33 verbose headers   vary: 'Accept-Encoding, Accept',
33 verbose headers   connection: 'Keep-Alive',
33 verbose headers   'content-encoding': 'gzip' }
34 silly get cb [ 200,
34 silly get   { server: 'nginx/1.10.1',
34 silly get     'content-type': 'application/json',
34 silly get     'last-modified': 'Mon, 11 Sep 2017 11:48:09 GMT',
34 silly get     etag: 'W/"59b677f9-fc96"',
34 silly get     'cache-control': 'max-age=300',
34 silly get     'content-length': '6776',
34 silly get     'accept-ranges': 'bytes',
34 silly get     date: 'Mon, 23 Oct 2017 12:21:47 GMT',
34 silly get     via: '1.1 varnish',
34 silly get     age: '58',
34 silly get     'x-served-by': 'cache-atl6220-ATL',
34 silly get     'x-cache': 'HIT',
34 silly get     'x-cache-hits': '1',
34 silly get     'x-timer': 'S1508761308.991230,VS0,VE0',
34 silly get     vary: 'Accept-Encoding, Accept',
34 silly get     connection: 'Keep-Alive',
34 silly get     'content-encoding': 'gzip' } ]
35 verbose get saving grunt-contrib-imagemin to C:\Users\bonamahe\AppData\Roaming\npm-cache\registry.npmjs.org\grunt-contrib-imagemin\.cache.json
36 verbose correctMkdir C:\Users\bonamahe\AppData\Roaming\npm-cache correctMkdir not in flight; initializing
37 silly resolveWithNewModule grunt-contrib-imagemin@0.3.0 checking installable status
38 silly cache add args [ 'grunt-contrib-imagemin@~0.3.0', null ]
39 verbose cache add spec grunt-contrib-imagemin@~0.3.0
40 silly cache add parsed spec Result {
40 silly cache add   raw: 'grunt-contrib-imagemin@~0.3.0',
40 silly cache add   scope: null,
40 silly cache add   escapedName: 'grunt-contrib-imagemin',
40 silly cache add   name: 'grunt-contrib-imagemin',
40 silly cache add   rawSpec: '~0.3.0',
40 silly cache add   spec: '>=0.3.0 <0.4.0',
40 silly cache add   type: 'range' }
41 silly addNamed grunt-contrib-imagemin@>=0.3.0 <0.4.0
42 verbose addNamed ">=0.3.0 <0.4.0" is a valid semver range for grunt-contrib-imagemin
43 silly addNameRange { name: 'grunt-contrib-imagemin',
43 silly addNameRange   range: '>=0.3.0 <0.4.0',
43 silly addNameRange   hasData: false }
44 silly mapToRegistry name grunt-contrib-imagemin
45 silly mapToRegistry using default registry
46 silly mapToRegistry registry http://registry.npmjs.org/
47 silly mapToRegistry data Result {
47 silly mapToRegistry   raw: 'grunt-contrib-imagemin',
47 silly mapToRegistry   scope: null,
47 silly mapToRegistry   escapedName: 'grunt-contrib-imagemin',
47 silly mapToRegistry   name: 'grunt-contrib-imagemin',
47 silly mapToRegistry   rawSpec: '',
47 silly mapToRegistry   spec: 'latest',
47 silly mapToRegistry   type: 'tag' }
48 silly mapToRegistry uri http://registry.npmjs.org/grunt-contrib-imagemin
49 verbose addNameRange registry:http://registry.npmjs.org/grunt-contrib-imagemin not in flight; fetching
50 verbose get http://registry.npmjs.org/grunt-contrib-imagemin not expired, no request
51 silly addNameRange number 2 { name: 'grunt-contrib-imagemin',
51 silly addNameRange   range: '>=0.3.0 <0.4.0',
51 silly addNameRange   hasData: true }
52 silly addNameRange versions [ 'grunt-contrib-imagemin',
52 silly addNameRange   [ '0.1.0',
52 silly addNameRange     '0.1.1',
52 silly addNameRange     '0.1.2',
52 silly addNameRange     '0.1.3',
52 silly addNameRange     '0.1.4',
52 silly addNameRange     '0.1.1-rc7',
52 silly addNameRange     '0.1.1-rc8',
52 silly addNameRange     '0.2.0',
52 silly addNameRange     '0.2.1',
52 silly addNameRange     '0.3.0',
52 silly addNameRange     '0.4.0',
52 silly addNameRange     '0.4.1',
52 silly addNameRange     '0.5.0',
52 silly addNameRange     '0.6.0',
52 silly addNameRange     '0.6.1',
52 silly addNameRange     '0.7.0',
52 silly addNameRange     '0.7.1',
52 silly addNameRange     '0.7.2',
52 silly addNameRange     '0.8.0',
52 silly addNameRange     '0.8.1',
52 silly addNameRange     '0.9.0',
52 silly addNameRange     '0.9.1',
52 silly addNameRange     '0.9.2',
52 silly addNameRange     '0.9.3',
52 silly addNameRange     '0.9.4',
52 silly addNameRange     '1.0.0',
52 silly addNameRange     '1.0.1',
52 silly addNameRange     '2.0.0',
52 silly addNameRange     '2.0.1' ] ]
53 silly addNamed grunt-contrib-imagemin@0.3.0
54 verbose addNamed "0.3.0" is a plain semver version for grunt-contrib-imagemin
55 silly cache afterAdd grunt-contrib-imagemin@0.3.0
56 verbose afterAdd C:\Users\bonamahe\AppData\Roaming\npm-cache\grunt-contrib-imagemin\0.3.0\package\package.json not in flight; writing
57 verbose correctMkdir C:\Users\bonamahe\AppData\Roaming\npm-cache correctMkdir not in flight; initializing
58 verbose afterAdd C:\Users\bonamahe\AppData\Roaming\npm-cache\grunt-contrib-imagemin\0.3.0\package\package.json written
59 silly fetchNamedPackageData gifsicle
60 silly mapToRegistry name gifsicle
61 silly mapToRegistry using default registry
62 silly mapToRegistry registry http://registry.npmjs.org/
63 silly mapToRegistry data Result {
63 silly mapToRegistry   raw: 'gifsicle',
63 silly mapToRegistry   scope: null,
63 silly mapToRegistry   escapedName: 'gifsicle',
63 silly mapToRegistry   name: 'gifsicle',
63 silly mapToRegistry   rawSpec: '',
63 silly mapToRegistry   spec: 'latest',
63 silly mapToRegistry   type: 'tag' }
64 silly mapToRegistry uri http://registry.npmjs.org/gifsicle
65 silly fetchNamedPackageData chalk
66 silly mapToRegistry name chalk
67 silly mapToRegistry using default registry
68 silly mapToRegistry registry http://registry.npmjs.org/
69 silly mapToRegistry data Result {
69 silly mapToRegistry   raw: 'chalk',
69 silly mapToRegistry   scope: null,
69 silly mapToRegistry   escapedName: 'chalk',
69 silly mapToRegistry   name: 'chalk',
69 silly mapToRegistry   rawSpec: '',
69 silly mapToRegistry   spec: 'latest',
69 silly mapToRegistry   type: 'tag' }
70 silly mapToRegistry uri http://registry.npmjs.org/chalk
71 verbose request uri http://registry.npmjs.org/gifsicle
72 verbose request no auth needed
73 info attempt registry request try #1 at 5:51:48 PM
74 verbose etag W/"599567c3-73a7"
75 verbose lastModified Thu, 17 Aug 2017 09:54:11 GMT
76 http request GET http://registry.npmjs.org/gifsicle
77 verbose request uri http://registry.npmjs.org/chalk
78 verbose request no auth needed
79 info attempt registry request try #1 at 5:51:48 PM
80 verbose etag W/"59e8e7c5-c041"
81 verbose lastModified Thu, 19 Oct 2017 17:58:29 GMT
82 http request GET http://registry.npmjs.org/chalk
83 http 200 http://registry.npmjs.org/gifsicle
84 verbose headers { server: 'nginx/1.10.1',
84 verbose headers   'content-type': 'application/json',
84 verbose headers   'last-modified': 'Thu, 17 Aug 2017 09:54:11 GMT',
84 verbose headers   etag: 'W/"599567c3-73a7"',
84 verbose headers   'cache-control': 'max-age=300',
84 verbose headers   'content-length': '3709',
84 verbose headers   'accept-ranges': 'bytes',
84 verbose headers   date: 'Mon, 23 Oct 2017 12:21:48 GMT',
84 verbose headers   via: '1.1 varnish',
84 verbose headers   age: '227',
84 verbose headers   'x-served-by': 'cache-atl6220-ATL',
84 verbose headers   'x-cache': 'HIT',
84 verbose headers   'x-cache-hits': '1',
84 verbose headers   'x-timer': 'S1508761308.390006,VS0,VE0',
84 verbose headers   vary: 'Accept-Encoding, Accept',
84 verbose headers   connection: 'Keep-Alive',
84 verbose headers   'content-encoding': 'gzip' }
85 silly get cb [ 200,
85 silly get   { server: 'nginx/1.10.1',
85 silly get     'content-type': 'application/json',
85 silly get     'last-modified': 'Thu, 17 Aug 2017 09:54:11 GMT',
85 silly get     etag: 'W/"599567c3-73a7"',
85 silly get     'cache-control': 'max-age=300',
85 silly get     'content-length': '3709',
85 silly get     'accept-ranges': 'bytes',
85 silly get     date: 'Mon, 23 Oct 2017 12:21:48 GMT',
85 silly get     via: '1.1 varnish',
85 silly get     age: '227',
85 silly get     'x-served-by': 'cache-atl6220-ATL',
85 silly get     'x-cache': 'HIT',
85 silly get     'x-cache-hits': '1',
85 silly get     'x-timer': 'S1508761308.390006,VS0,VE0',
85 silly get     vary: 'Accept-Encoding, Accept',
85 silly get     connection: 'Keep-Alive',
85 silly get     'content-encoding': 'gzip' } ]
86 verbose get saving gifsicle to C:\Users\bonamahe\AppData\Roaming\npm-cache\registry.npmjs.org\gifsicle\.cache.json
87 verbose correctMkdir C:\Users\bonamahe\AppData\Roaming\npm-cache correctMkdir not in flight; initializing
88 silly resolveWithNewModule gifsicle@0.1.7 checking installable status
89 silly cache add args [ 'gifsicle@~0.1.0', null ]
90 verbose cache add spec gifsicle@~0.1.0
91 silly cache add parsed spec Result {
91 silly cache add   raw: 'gifsicle@~0.1.0',
91 silly cache add   scope: null,
91 silly cache add   escapedName: 'gifsicle',
91 silly cache add   name: 'gifsicle',
91 silly cache add   rawSpec: '~0.1.0',
91 silly cache add   spec: '>=0.1.0 <0.2.0',
91 silly cache add   type: 'range' }
92 silly addNamed gifsicle@>=0.1.0 <0.2.0
93 verbose addNamed ">=0.1.0 <0.2.0" is a valid semver range for gifsicle
94 silly addNameRange { name: 'gifsicle', range: '>=0.1.0 <0.2.0', hasData: false }
95 silly mapToRegistry name gifsicle
96 silly mapToRegistry using default registry
97 silly mapToRegistry registry http://registry.npmjs.org/
98 silly mapToRegistry data Result {
98 silly mapToRegistry   raw: 'gifsicle',
98 silly mapToRegistry   scope: null,
98 silly mapToRegistry   escapedName: 'gifsicle',
98 silly mapToRegistry   name: 'gifsicle',
98 silly mapToRegistry   rawSpec: '',
98 silly mapToRegistry   spec: 'latest',
98 silly mapToRegistry   type: 'tag' }
99 silly mapToRegistry uri http://registry.npmjs.org/gifsicle
100 verbose addNameRange registry:http://registry.npmjs.org/gifsicle not in flight; fetching
101 verbose get http://registry.npmjs.org/gifsicle not expired, no request
102 silly addNameRange number 2 { name: 'gifsicle', range: '>=0.1.0 <0.2.0', hasData: true }
103 silly addNameRange versions [ 'gifsicle',
103 silly addNameRange   [ '0.1.0',
103 silly addNameRange     '0.1.1',
103 silly addNameRange     '0.1.2',
103 silly addNameRange     '0.1.3',
103 silly addNameRange     '0.1.4',
103 silly addNameRange     '0.1.5',
103 silly addNameRange     '0.1.6',
103 silly addNameRange     '0.1.7',
103 silly addNameRange     '1.0.0',
103 silly addNameRange     '1.0.1',
103 silly addNameRange     '1.0.2',
103 silly addNameRange     '1.0.3',
103 silly addNameRange     '2.0.0',
103 silly addNameRange     '2.0.1',
103 silly addNameRange     '3.0.0',
103 silly addNameRange     '3.0.1',
103 silly addNameRange     '3.0.2',
103 silly addNameRange     '3.0.3',
103 silly addNameRange     '3.0.4' ] ]
104 silly addNamed gifsicle@0.1.7
105 verbose addNamed "0.1.7" is a plain semver version for gifsicle
106 silly cache afterAdd gifsicle@0.1.7
107 verbose afterAdd C:\Users\bonamahe\AppData\Roaming\npm-cache\gifsicle\0.1.7\package\package.json not in flight; writing
108 verbose correctMkdir C:\Users\bonamahe\AppData\Roaming\npm-cache correctMkdir not in flight; initializing
109 verbose afterAdd C:\Users\bonamahe\AppData\Roaming\npm-cache\gifsicle\0.1.7\package\package.json written
110 http 200 http://registry.npmjs.org/chalk
111 verbose headers { server: 'nginx/1.10.1',
111 verbose headers   'content-type': 'application/json',
111 verbose headers   'last-modified': 'Sun, 22 Oct 2017 12:23:14 GMT',
111 verbose headers   etag: 'W/"59ec8db2-c061"',
111 verbose headers   'cache-control': 'max-age=300',
111 verbose headers   'content-length': '13002',
111 verbose headers   'accept-ranges': 'bytes',
111 verbose headers   date: 'Mon, 23 Oct 2017 12:21:48 GMT',
111 verbose headers   via: '1.1 varnish',
111 verbose headers   age: '275',
111 verbose headers   'x-served-by': 'cache-atl6241-ATL',
111 verbose headers   'x-cache': 'HIT',
111 verbose headers   'x-cache-hits': '585',
111 verbose headers   'x-timer': 'S1508761309.653350,VS0,VE0',
111 verbose headers   vary: 'Accept-Encoding, Accept',
111 verbose headers   connection: 'Keep-Alive',
111 verbose headers   'content-encoding': 'gzip' }
112 silly get cb [ 200,
112 silly get   { server: 'nginx/1.10.1',
112 silly get     'content-type': 'application/json',
112 silly get     'last-modified': 'Sun, 22 Oct 2017 12:23:14 GMT',
112 silly get     etag: 'W/"59ec8db2-c061"',
112 silly get     'cache-control': 'max-age=300',
112 silly get     'content-length': '13002',
112 silly get     'accept-ranges': 'bytes',
112 silly get     date: 'Mon, 23 Oct 2017 12:21:48 GMT',
112 silly get     via: '1.1 varnish',
112 silly get     age: '275',
112 silly get     'x-served-by': 'cache-atl6241-ATL',
112 silly get     'x-cache': 'HIT',
112 silly get     'x-cache-hits': '585',
112 silly get     'x-timer': 'S1508761309.653350,VS0,VE0',
112 silly get     vary: 'Accept-Encoding, Accept',
112 silly get     connection: 'Keep-Alive',
112 silly get     'content-encoding': 'gzip' } ]
113 verbose get saving chalk to C:\Users\bonamahe\AppData\Roaming\npm-cache\registry.npmjs.org\chalk\.cache.json
114 verbose correctMkdir C:\Users\bonamahe\AppData\Roaming\npm-cache correctMkdir not in flight; initializing
115 silly resolveWithNewModule chalk@0.2.1 checking installable status
116 silly cache add args [ 'chalk@~0.2.0', null ]
117 verbose cache add spec chalk@~0.2.0
118 silly cache add parsed spec Result {
118 silly cache add   raw: 'chalk@~0.2.0',
118 silly cache add   scope: null,
118 silly cache add   escapedName: 'chalk',
118 silly cache add   name: 'chalk',
118 silly cache add   rawSpec: '~0.2.0',
118 silly cache add   spec: '>=0.2.0 <0.3.0',
118 silly cache add   type: 'range' }
119 silly addNamed chalk@>=0.2.0 <0.3.0
120 verbose addNamed ">=0.2.0 <0.3.0" is a valid semver range for chalk
121 silly addNameRange { name: 'chalk', range: '>=0.2.0 <0.3.0', hasData: false }
122 silly mapToRegistry name chalk
123 silly mapToRegistry using default registry
124 silly mapToRegistry registry http://registry.npmjs.org/
125 silly mapToRegistry data Result {
125 silly mapToRegistry   raw: 'chalk',
125 silly mapToRegistry   scope: null,
125 silly mapToRegistry   escapedName: 'chalk',
125 silly mapToRegistry   name: 'chalk',
125 silly mapToRegistry   rawSpec: '',
125 silly mapToRegistry   spec: 'latest',
125 silly mapToRegistry   type: 'tag' }
126 silly mapToRegistry uri http://registry.npmjs.org/chalk
127 verbose addNameRange registry:http://registry.npmjs.org/chalk not in flight; fetching
128 verbose get http://registry.npmjs.org/chalk not expired, no request
129 silly addNameRange number 2 { name: 'chalk', range: '>=0.2.0 <0.3.0', hasData: true }
130 silly addNameRange versions [ 'chalk',
130 silly addNameRange   [ '0.1.0',
130 silly addNameRange     '0.1.1',
130 silly addNameRange     '0.2.0',
130 silly addNameRange     '0.2.1',
130 silly addNameRange     '0.3.0',
130 silly addNameRange     '0.4.0',
130 silly addNameRange     '0.5.0',
130 silly addNameRange     '0.5.1',
130 silly addNameRange     '1.0.0',
130 silly addNameRange     '1.1.0',
130 silly addNameRange     '1.1.1',
130 silly addNameRange     '1.1.2',
130 silly addNameRange     '1.1.3',
130 silly addNameRange     '2.0.0',
130 silly addNameRange     '2.0.1',
130 silly addNameRange     '2.1.0',
130 silly addNameRange     '2.2.0' ] ]
131 silly addNamed chalk@0.2.1
132 verbose addNamed "0.2.1" is a plain semver version for chalk
133 silly cache afterAdd chalk@0.2.1
134 verbose afterAdd C:\Users\bonamahe\AppData\Roaming\npm-cache\chalk\0.2.1\package\package.json not in flight; writing
135 verbose correctMkdir C:\Users\bonamahe\AppData\Roaming\npm-cache correctMkdir not in flight; initializing
136 verbose afterAdd C:\Users\bonamahe\AppData\Roaming\npm-cache\chalk\0.2.1\package\package.json written
137 silly fetchNamedPackageData ansi-styles
138 silly mapToRegistry name ansi-styles
139 silly mapToRegistry using default registry
140 silly mapToRegistry registry http://registry.npmjs.org/
141 silly mapToRegistry data Result {
141 silly mapToRegistry   raw: 'ansi-styles',
141 silly mapToRegistry   scope: null,
141 silly mapToRegistry   escapedName: 'ansi-styles',
141 silly mapToRegistry   name: 'ansi-styles',
141 silly mapToRegistry   rawSpec: '',
141 silly mapToRegistry   spec: 'latest',
141 silly mapToRegistry   type: 'tag' }
142 silly mapToRegistry uri http://registry.npmjs.org/ansi-styles
143 verbose request uri http://registry.npmjs.org/ansi-styles
144 verbose request no auth needed
145 info attempt registry request try #1 at 5:51:48 PM
146 verbose etag W/"59bc16cc-54b8"
147 verbose lastModified Fri, 15 Sep 2017 18:07:08 GMT
148 http request GET http://registry.npmjs.org/ansi-styles
149 http 200 http://registry.npmjs.org/ansi-styles
150 verbose headers { server: 'nginx/1.10.1',
150 verbose headers   'content-type': 'application/json',
150 verbose headers   'last-modified': 'Fri, 15 Sep 2017 18:07:08 GMT',
150 verbose headers   etag: 'W/"59bc16cc-54b8"',
150 verbose headers   'cache-control': 'max-age=300',
150 verbose headers   'content-length': '4041',
150 verbose headers   'accept-ranges': 'bytes',
150 verbose headers   date: 'Mon, 23 Oct 2017 12:21:48 GMT',
150 verbose headers   via: '1.1 varnish',
150 verbose headers   age: '266',
150 verbose headers   'x-served-by': 'cache-atl6241-ATL',
150 verbose headers   'x-cache': 'HIT',
150 verbose headers   'x-cache-hits': '2',
150 verbose headers   'x-timer': 'S1508761309.990351,VS0,VE0',
150 verbose headers   vary: 'Accept-Encoding, Accept',
150 verbose headers   connection: 'Keep-Alive',
150 verbose headers   'content-encoding': 'gzip' }
151 silly get cb [ 200,
151 silly get   { server: 'nginx/1.10.1',
151 silly get     'content-type': 'application/json',
151 silly get     'last-modified': 'Fri, 15 Sep 2017 18:07:08 GMT',
151 silly get     etag: 'W/"59bc16cc-54b8"',
151 silly get     'cache-control': 'max-age=300',
151 silly get     'content-length': '4041',
151 silly get     'accept-ranges': 'bytes',
151 silly get     date: 'Mon, 23 Oct 2017 12:21:48 GMT',
151 silly get     via: '1.1 varnish',
151 silly get     age: '266',
151 silly get     'x-served-by': 'cache-atl6241-ATL',
151 silly get     'x-cache': 'HIT',
151 silly get     'x-cache-hits': '2',
151 silly get     'x-timer': 'S1508761309.990351,VS0,VE0',
151 silly get     vary: 'Accept-Encoding, Accept',
151 silly get     connection: 'Keep-Alive',
151 silly get     'content-encoding': 'gzip' } ]
152 verbose get saving ansi-styles to C:\Users\bonamahe\AppData\Roaming\npm-cache\registry.npmjs.org\ansi-styles\.cache.json
153 verbose correctMkdir C:\Users\bonamahe\AppData\Roaming\npm-cache correctMkdir not in flight; initializing
154 silly resolveWithNewModule ansi-styles@0.2.0 checking installable status
155 silly cache add args [ 'ansi-styles@~0.2.0', null ]
156 verbose cache add spec ansi-styles@~0.2.0
157 silly cache add parsed spec Result {
157 silly cache add   raw: 'ansi-styles@~0.2.0',
157 silly cache add   scope: null,
157 silly cache add   escapedName: 'ansi-styles',
157 silly cache add   name: 'ansi-styles',
157 silly cache add   rawSpec: '~0.2.0',
157 silly cache add   spec: '>=0.2.0 <0.3.0',
157 silly cache add   type: 'range' }
158 silly addNamed ansi-styles@>=0.2.0 <0.3.0
159 verbose addNamed ">=0.2.0 <0.3.0" is a valid semver range for ansi-styles
160 silly addNameRange { name: 'ansi-styles', range: '>=0.2.0 <0.3.0', hasData: false }
161 silly mapToRegistry name ansi-styles
162 silly mapToRegistry using default registry
163 silly mapToRegistry registry http://registry.npmjs.org/
164 silly mapToRegistry data Result {
164 silly mapToRegistry   raw: 'ansi-styles',
164 silly mapToRegistry   scope: null,
164 silly mapToRegistry   escapedName: 'ansi-styles',
164 silly mapToRegistry   name: 'ansi-styles',
164 silly mapToRegistry   rawSpec: '',
164 silly mapToRegistry   spec: 'latest',
164 silly mapToRegistry   type: 'tag' }
165 silly mapToRegistry uri http://registry.npmjs.org/ansi-styles
166 verbose addNameRange registry:http://registry.npmjs.org/ansi-styles not in flight; fetching
167 verbose get http://registry.npmjs.org/ansi-styles not expired, no request
168 silly addNameRange number 2 { name: 'ansi-styles', range: '>=0.2.0 <0.3.0', hasData: true }
169 silly addNameRange versions [ 'ansi-styles',
169 silly addNameRange   [ '0.1.0',
169 silly addNameRange     '0.1.1',
169 silly addNameRange     '0.1.2',
169 silly addNameRange     '0.2.0',
169 silly addNameRange     '1.0.0',
169 silly addNameRange     '1.1.0',
169 silly addNameRange     '2.0.0',
169 silly addNameRange     '2.0.1',
169 silly addNameRange     '2.1.0',
169 silly addNameRange     '2.2.1',
169 silly addNameRange     '3.0.0',
169 silly addNameRange     '3.1.0',
169 silly addNameRange     '3.2.0' ] ]
170 silly addNamed ansi-styles@0.2.0
171 verbose addNamed "0.2.0" is a plain semver version for ansi-styles
172 silly cache afterAdd ansi-styles@0.2.0
173 verbose afterAdd C:\Users\bonamahe\AppData\Roaming\npm-cache\ansi-styles\0.2.0\package\package.json not in flight; writing
174 verbose correctMkdir C:\Users\bonamahe\AppData\Roaming\npm-cache correctMkdir not in flight; initializing
175 verbose afterAdd C:\Users\bonamahe\AppData\Roaming\npm-cache\ansi-styles\0.2.0\package\package.json written
176 silly loadAllDepsIntoIdealTree Finishing
177 silly loadIdealTree Finishing
178 silly currentTree themes@0.0.0
178 silly currentTree +-- abbrev@1.1.0
178 silly currentTree +-- adm-zip@0.4.7
178 silly currentTree +-- ajv@5.2.2
178 silly currentTree +-- amdefine@1.0.1
178 silly currentTree +-- ansi-regex@2.1.1
178 silly currentTree +-- ansi-styles@0.1.2
178 silly currentTree +-- ansi@0.3.1
178 silly currentTree +-- archy@0.0.2
178 silly currentTree +-- argparse@0.1.16
178 silly currentTree | `-- underscore.string@2.4.0
178 silly currentTree +-- asn1@0.2.3
178 silly currentTree +-- assert-plus@1.0.0
178 silly currentTree +-- astral-angular-annotate@0.0.2
178 silly currentTree +-- astral-pass@0.1.0
178 silly currentTree +-- astral@0.1.0
178 silly currentTree +-- async@0.1.22
178 silly currentTree +-- asynckit@0.4.0
178 silly currentTree +-- aws-sign2@0.7.0
178 silly currentTree +-- aws4@1.6.0
178 silly currentTree +-- bcrypt-pbkdf@1.0.1
178 silly currentTree +-- bin-build@0.1.1
178 silly currentTree +-- bin-check@0.1.5
178 silly currentTree +-- bin-wrapper@0.3.4
178 silly currentTree +-- binary@0.3.0
178 silly currentTree +-- block-stream@0.0.9
178 silly currentTree +-- boom@4.3.1
178 silly currentTree +-- bower-config@0.5.3
178 silly currentTree | `-- graceful-fs@2.0.3
178 silly currentTree +-- bower@0.9.2
178 silly currentTree | +-- abbrev@1.0.9
178 silly currentTree | +-- async@0.2.10
178 silly currentTree | +-- graceful-fs@1.1.14
178 silly currentTree | +-- lodash@1.0.2
178 silly currentTree | +-- nopt@2.0.0
178 silly currentTree | +-- request@2.11.4
178 silly currentTree | | +-- form-data@0.0.3
178 silly currentTree | | | +-- async@0.1.9
178 silly currentTree | | | `-- combined-stream@0.0.3
178 silly currentTree | | |   `-- delayed-stream@0.0.5
178 silly currentTree | | `-- mime@1.2.7
178 silly currentTree | `-- rimraf@2.0.3
178 silly currentTree +-- buffer-crc32@0.2.1
178 silly currentTree +-- buffers@0.1.1
178 silly currentTree +-- bytes@0.2.0
178 silly currentTree +-- camel-case@1.2.2
178 silly currentTree +-- camelcase@1.2.1
178 silly currentTree +-- caseless@0.12.0
178 silly currentTree +-- chainsaw@0.1.0
178 silly currentTree +-- chalk@0.1.1
178 silly currentTree +-- change-case@2.1.6
178 silly currentTree +-- clean-css@2.2.23
178 silly currentTree +-- cli@0.6.6
178 silly currentTree | +-- glob@3.2.11
178 silly currentTree | `-- minimatch@0.3.0
178 silly currentTree +-- clone@0.1.19
178 silly currentTree +-- co@4.6.0
178 silly currentTree +-- coa@0.3.9
178 silly currentTree +-- coffee-script@1.3.3
178 silly currentTree +-- colors@0.6.2
178 silly currentTree +-- combined-stream@1.0.5
178 silly currentTree +-- commander@2.2.0
178 silly currentTree +-- concat-stream@1.6.0
178 silly currentTree | +-- isarray@1.0.0
178 silly currentTree | +-- readable-stream@2.3.3
178 silly currentTree | `-- string_decoder@1.0.3
178 silly currentTree +-- config-chain@0.3.4
178 silly currentTree +-- configstore@0.3.2
178 silly currentTree | +-- argparse@1.0.9
178 silly currentTree | +-- esprima@4.0.0
178 silly currentTree | +-- graceful-fs@3.0.11
178 silly currentTree | +-- js-yaml@3.10.0
178 silly currentTree | +-- minimist@0.0.8
178 silly currentTree | +-- mkdirp@0.5.1
178 silly currentTree | +-- object-assign@2.1.1
178 silly currentTree | +-- osenv@0.1.4
178 silly currentTree | `-- uuid@2.0.3
178 silly currentTree +-- connect-livereload@0.2.0
178 silly currentTree +-- connect@2.7.11
178 silly currentTree +-- console-browserify@1.1.0
178 silly currentTree +-- constant-case@1.1.2
178 silly currentTree +-- cookie-signature@1.0.1
178 silly currentTree +-- cookie@0.0.5
178 silly currentTree +-- core-util-is@1.0.2
178 silly currentTree +-- cryptiles@3.1.2
178 silly currentTree | `-- boom@5.2.0
178 silly currentTree +-- css-parse@1.6.0
178 silly currentTree +-- css-stringify@1.4.1
178 silly currentTree +-- ctype@0.5.3
178 silly currentTree +-- dashdash@1.14.1
178 silly currentTree +-- date-now@0.1.4
178 silly currentTree +-- date-time@0.1.1
178 silly currentTree +-- dateformat@1.0.2-1.2.3
178 silly currentTree +-- debug@2.6.9
178 silly currentTree +-- decamelize@1.2.0
178 silly currentTree +-- decompress@0.2.5
178 silly currentTree | `-- nopt@2.2.1
178 silly currentTree +-- deep-equal@0.0.0
178 silly currentTree +-- defined@0.0.0
178 silly currentTree +-- delayed-stream@1.0.0
178 silly currentTree +-- dom-serializer@0.1.0
178 silly currentTree | +-- domelementtype@1.1.3
178 silly currentTree | `-- entities@1.1.1
178 silly currentTree +-- domelementtype@1.3.0
178 silly currentTree +-- domhandler@2.3.0
178 silly currentTree +-- domutils@1.5.1
178 silly currentTree +-- dot-case@1.1.2
178 silly currentTree +-- download@0.1.19
178 silly currentTree | `-- nopt@2.2.1
178 silly currentTree +-- duplexer@0.1.1
178 silly currentTree +-- each-async@0.1.3
178 silly currentTree +-- ecc-jsbn@0.1.1
178 silly currentTree +-- entities@1.0.0
178 silly currentTree +-- escape-string-regexp@1.0.5
178 silly currentTree +-- escodegen@0.0.28
178 silly currentTree +-- esprima@1.0.4
178 silly currentTree +-- estraverse@1.3.2
178 silly currentTree +-- eventemitter2@0.4.14
178 silly currentTree +-- executable@0.1.3
178 silly currentTree +-- exit@0.1.2
178 silly currentTree +-- ext-list@0.2.0
178 silly currentTree +-- ext-name@1.0.1
178 silly currentTree | `-- underscore.string@2.3.3
178 silly currentTree +-- extend@3.0.1
178 silly currentTree +-- extsprintf@1.3.0
178 silly currentTree +-- fast-deep-equal@1.0.0
178 silly currentTree +-- faye-websocket@0.4.4
178 silly currentTree +-- filesize@1.10.0
178 silly currentTree +-- find-file@0.1.4
178 silly currentTree +-- findup-sync@0.1.3
178 silly currentTree | +-- glob@3.2.11
178 silly currentTree | +-- lodash@2.4.2
178 silly currentTree | `-- minimatch@0.3.0
178 silly currentTree +-- forever-agent@0.6.1
178 silly currentTree +-- form-data@2.3.1
178 silly currentTree +-- formidable@1.0.14
178 silly currentTree +-- fresh@0.1.0
178 silly currentTree +-- fstream@0.1.31
178 silly currentTree | +-- graceful-fs@3.0.11
178 silly currentTree | +-- minimist@0.0.8
178 silly currentTree | `-- mkdirp@0.5.1
178 silly currentTree +-- gaze@0.4.3
178 silly currentTree +-- get-stdin@0.1.0
178 silly currentTree +-- get-urls@0.1.2
178 silly currentTree +-- getobject@0.1.0
178 silly currentTree +-- getpass@0.1.7
178 silly currentTree +-- glob@3.1.21
178 silly currentTree | `-- inherits@1.0.2
178 silly currentTree +-- globule@0.1.0
178 silly currentTree | `-- lodash@1.0.2
178 silly currentTree +-- google-cdn@0.1.4
178 silly currentTree | +-- debug@0.7.4
178 silly currentTree | `-- semver@2.0.11
178 silly currentTree +-- got@0.2.0
178 silly currentTree +-- graceful-fs@1.2.3
178 silly currentTree +-- grunt-angular-templates@0.5.9
178 silly currentTree +-- grunt-autoprefixer@0.4.2
178 silly currentTree | `-- autoprefixer@0.8.20131213
178 silly currentTree +-- grunt-bower-install@1.0.2
178 silly currentTree +-- grunt-concurrent@0.5.0
178 silly currentTree | `-- async@0.2.10
178 silly currentTree +-- grunt-contrib-clean@0.5.0
178 silly currentTree +-- grunt-contrib-concat@0.3.0
178 silly currentTree +-- grunt-contrib-connect@0.5.0
178 silly currentTree +-- grunt-contrib-copy@0.4.1
178 silly currentTree +-- grunt-contrib-cssmin@0.7.0
178 silly currentTree | +-- clean-css@2.0.8
178 silly currentTree | `-- commander@2.0.0
178 silly currentTree +-- grunt-contrib-htmlmin@0.1.3
178 silly currentTree | `-- html-minifier@0.5.6
178 silly currentTree +-- grunt-contrib-jshint@0.10.0
178 silly currentTree +-- grunt-contrib-less@0.11.4
178 silly currentTree | +-- ansi-regex@0.2.1
178 silly currentTree | +-- ansi-styles@1.1.0
178 silly currentTree | +-- async@0.2.10
178 silly currentTree | +-- chalk@0.5.1
178 silly currentTree | +-- has-ansi@0.1.0
178 silly currentTree | +-- lodash@2.4.2
178 silly currentTree | +-- strip-ansi@0.3.0
178 silly currentTree | `-- supports-color@0.2.0
178 silly currentTree +-- grunt-contrib-uglify@0.2.7
178 silly currentTree +-- grunt-contrib-watch@0.5.3
178 silly currentTree +-- grunt-google-cdn@0.2.2
178 silly currentTree +-- grunt-karma@0.8.3
178 silly currentTree | `-- lodash@2.4.2
178 silly currentTree +-- grunt-legacy-log-utils@0.1.1
178 silly currentTree | +-- lodash@2.4.2
178 silly currentTree | `-- underscore.string@2.3.3
178 silly currentTree +-- grunt-legacy-log@0.1.3
178 silly currentTree | +-- lodash@2.4.2
178 silly currentTree | `-- underscore.string@2.3.3
178 silly currentTree +-- grunt-legacy-util@0.2.0
178 silly currentTree +-- grunt-lib-contrib@0.6.1
178 silly currentTree +-- grunt-newer@0.6.1
178 silly currentTree | +-- async@0.2.9
178 silly currentTree | +-- graceful-fs@2.0.3
178 silly currentTree | `-- rimraf@2.2.4
178 silly currentTree +-- grunt-ngmin@0.0.3
178 silly currentTree +-- grunt-processhtml@0.3.13
178 silly currentTree | `-- async@0.9.2
178 silly currentTree +-- grunt-rev@0.1.0
178 silly currentTree +-- grunt-svgmin@0.2.1
178 silly currentTree | +-- ansi-styles@0.2.0
178 silly currentTree | +-- chalk@0.3.0
178 silly currentTree | `-- filesize@2.0.4
178 silly currentTree +-- grunt-usemin@2.0.2
178 silly currentTree | +-- debug@0.7.4
178 silly currentTree | `-- lodash@1.0.2
178 silly currentTree +-- grunt@0.4.5
178 silly currentTree +-- gzip-size@0.1.1
178 silly currentTree | `-- zlib-browserify@0.0.3
178 silly currentTree +-- har-schema@2.0.0
178 silly currentTree +-- har-validator@5.0.3
178 silly currentTree +-- has-ansi@2.0.0
178 silly currentTree +-- has-color@0.1.7
178 silly currentTree +-- hawk@6.0.2
178 silly currentTree +-- hoek@4.2.0
178 silly currentTree +-- hogan.js@2.0.0
178 silly currentTree +-- hooker@0.2.3
178 silly currentTree +-- html-minifier@0.6.9
178 silly currentTree +-- htmlparser2@3.8.3
178 silly currentTree | `-- readable-stream@1.1.14
178 silly currentTree +-- htmlprocessor@0.2.3
178 silly currentTree | `-- lodash@2.4.2
178 silly currentTree +-- http-signature@1.2.0
178 silly currentTree +-- iconv-lite@0.2.11
178 silly currentTree +-- inherits@2.0.3
178 silly currentTree +-- ini@1.0.5
178 silly currentTree +-- is-lower-case@1.1.3
178 silly currentTree +-- is-typedarray@1.0.0
178 silly currentTree +-- is-upper-case@1.1.2
178 silly currentTree +-- isarray@0.0.1
178 silly currentTree +-- isstream@0.1.2
178 silly currentTree +-- jpegtran-bin@0.2.8
178 silly currentTree +-- js-yaml@2.0.5
178 silly currentTree +-- jsbn@0.1.1
178 silly currentTree +-- jshint-stylish@0.1.5
178 silly currentTree | +-- ansi-styles@1.0.0
178 silly currentTree | +-- chalk@0.4.0
178 silly currentTree | `-- strip-ansi@0.1.1
178 silly currentTree +-- jshint@2.5.11
178 silly currentTree | +-- minimatch@1.0.0
178 silly currentTree | `-- underscore@1.6.0
178 silly currentTree +-- json-schema-traverse@0.3.1
178 silly currentTree +-- json-schema@0.2.3
178 silly currentTree +-- json-stable-stringify@1.0.1
178 silly currentTree +-- json-stringify-safe@5.0.1
178 silly currentTree +-- jsonify@0.0.0
178 silly currentTree +-- jsprim@1.4.1
178 silly currentTree +-- karma-ng-html2js-preprocessor@0.1.2
178 silly currentTree +-- karma-ng-scenario@0.1.0
178 silly currentTree +-- keypress@0.1.0
178 silly currentTree +-- less@1.7.5
178 silly currentTree | +-- asn1@0.1.11
178 silly currentTree | +-- assert-plus@0.1.5
178 silly currentTree | +-- async@0.9.2
178 silly currentTree | +-- aws-sign2@0.5.0
178 silly currentTree | +-- boom@0.4.2
178 silly currentTree | +-- combined-stream@0.0.7
178 silly currentTree | +-- cryptiles@0.2.2
178 silly currentTree | +-- delayed-stream@0.0.5
178 silly currentTree | +-- forever-agent@0.5.2
178 silly currentTree | +-- form-data@0.1.4
178 silly currentTree | +-- graceful-fs@3.0.11
178 silly currentTree | +-- hawk@1.1.1
178 silly currentTree | +-- hoek@0.9.1
178 silly currentTree | +-- http-signature@0.10.1
178 silly currentTree | +-- mime-types@1.0.2
178 silly currentTree | +-- minimist@0.0.8
178 silly currentTree | +-- mkdirp@0.5.1
178 silly currentTree | +-- oauth-sign@0.3.0
178 silly currentTree | +-- qs@1.0.2
178 silly currentTree | +-- request@2.40.0
178 silly currentTree | +-- sntp@0.2.4
178 silly currentTree | `-- tunnel-agent@0.4.3
178 silly currentTree +-- load-grunt-tasks@0.4.0
178 silly currentTree +-- lodash.clonedeep@4.5.0
178 silly currentTree +-- lodash@0.9.2
178 silly currentTree +-- log-symbols@1.0.2
178 silly currentTree | +-- ansi-styles@2.2.1
178 silly currentTree | `-- chalk@1.1.3
178 silly currentTree +-- lower-case@1.1.4
178 silly currentTree +-- lpad@0.2.1
178 silly currentTree +-- lru-cache@2.7.3
178 silly currentTree +-- match-stream@0.0.1
178 silly currentTree +-- maxmin@0.1.0
178 silly currentTree | +-- ansi-styles@1.0.0
178 silly currentTree | +-- chalk@0.4.0
178 silly currentTree | `-- strip-ansi@0.1.1
178 silly currentTree +-- mime-db@1.30.0
178 silly currentTree +-- mime-types@2.1.17
178 silly currentTree +-- mime@1.2.11
178 silly currentTree +-- minimatch@0.2.14
178 silly currentTree +-- minimist@0.0.10
178 silly currentTree +-- mkdirp@0.3.5
178 silly currentTree +-- mout@0.9.1
178 silly currentTree +-- ms@2.0.0
178 silly currentTree +-- multimatch@0.1.0
178 silly currentTree | `-- lodash@2.4.2
178 silly currentTree +-- mute-stream@0.0.7
178 silly currentTree +-- natives@1.1.0
178 silly currentTree +-- ngmin@0.4.1
178 silly currentTree | `-- commander@1.1.1
178 silly currentTree +-- node-uuid@1.4.8
178 silly currentTree +-- nopt@1.0.10
178 silly currentTree +-- noptify@0.0.3
178 silly currentTree | `-- nopt@2.0.0
178 silly currentTree +-- npmlog@0.1.1
178 silly currentTree +-- oauth-sign@0.8.2
178 silly currentTree +-- object-assign@0.3.1
178 silly currentTree +-- object-keys@0.4.0
178 silly currentTree +-- open@0.0.4
178 silly currentTree +-- optimist@0.6.1
178 silly currentTree +-- optipng-bin@0.3.11
178 silly currentTree +-- os-homedir@1.0.2
178 silly currentTree +-- os-tmpdir@1.0.2
178 silly currentTree +-- osenv@0.0.3
178 silly currentTree +-- over@0.0.5
178 silly currentTree +-- pad-stdio@0.1.1
178 silly currentTree +-- param-case@1.1.2
178 silly currentTree +-- pascal-case@1.1.2
178 silly currentTree +-- path-case@1.1.2
178 silly currentTree +-- pause@0.0.1
178 silly currentTree +-- performance-now@2.1.0
178 silly currentTree +-- pngquant-bin@0.1.7
178 silly currentTree | +-- ansi-styles@1.0.0
178 silly currentTree | +-- bin-wrapper@0.2.4
178 silly currentTree | +-- chalk@0.4.0
178 silly currentTree | `-- strip-ansi@0.1.1
178 silly currentTree +-- pretty-bytes@0.1.2
178 silly currentTree +-- process-nextick-args@1.0.7
178 silly currentTree +-- promptly@0.1.0
178 silly currentTree +-- proto-list@1.2.4
178 silly currentTree +-- pullstream@0.4.1
178 silly currentTree +-- punycode@1.4.1
178 silly currentTree +-- q@0.8.12
178 silly currentTree +-- qs@0.6.5
178 silly currentTree +-- range-parser@0.0.4
178 silly currentTree +-- rc@0.0.8
178 silly currentTree | `-- optimist@0.3.7
178 silly currentTree +-- read-package-json@0.1.13
178 silly currentTree | `-- lru-cache@2.0.4
178 silly currentTree +-- read@1.0.7
178 silly currentTree +-- readable-stream@1.0.34
178 silly currentTree +-- relateurl@0.2.7
178 silly currentTree +-- request@2.82.0
178 silly currentTree | +-- qs@6.5.1
178 silly currentTree | `-- uuid@3.1.0
178 silly currentTree +-- rimraf@2.2.8
178 silly currentTree +-- safe-buffer@5.1.1
178 silly currentTree +-- sax@0.5.8
178 silly currentTree +-- semver@1.1.4
178 silly currentTree +-- send@0.1.1
178 silly currentTree +-- sentence-case@1.1.3
178 silly currentTree +-- setimmediate@1.0.5
178 silly currentTree +-- shelljs@0.3.0
178 silly currentTree +-- sigmund@1.0.1
178 silly currentTree +-- slice-stream@1.0.0
178 silly currentTree +-- slide@1.1.6
178 silly currentTree +-- snake-case@1.1.2
178 silly currentTree +-- sntp@2.0.2
178 silly currentTree +-- source-map@0.1.34
178 silly currentTree +-- sprintf-js@1.0.3
178 silly currentTree +-- sshpk@1.13.1
178 silly currentTree +-- stable@0.1.6
178 silly currentTree +-- stream-combiner@0.0.4
178 silly currentTree +-- string_decoder@0.10.31
178 silly currentTree +-- stringstream@0.0.5
178 silly currentTree +-- strip-ansi@3.0.1
178 silly currentTree +-- strip-json-comments@1.0.4
178 silly currentTree +-- supports-color@2.0.0
178 silly currentTree +-- svgo@0.3.7
178 silly currentTree | +-- argparse@1.0.9
178 silly currentTree | +-- esprima@4.0.0
178 silly currentTree | `-- js-yaml@3.10.0
178 silly currentTree +-- swap-case@1.1.2
178 silly currentTree +-- tape@0.2.2
178 silly currentTree +-- tar@0.1.20
178 silly currentTree +-- tempfile@0.1.3
178 silly currentTree +-- text-table@0.2.0
178 silly currentTree +-- through2@0.4.2
178 silly currentTree +-- time-grunt@0.2.10
178 silly currentTree | +-- ansi-styles@1.0.0
178 silly currentTree | +-- chalk@0.4.0
178 silly currentTree | `-- strip-ansi@0.1.1
178 silly currentTree +-- tiny-lr@0.0.4
178 silly currentTree | +-- debug@0.7.4
178 silly currentTree | `-- qs@0.5.6
178 silly currentTree +-- title-case@1.1.2
178 silly currentTree +-- tmp@0.0.33
178 silly currentTree +-- tough-cookie@2.3.3
178 silly currentTree +-- traverse@0.3.9
178 silly currentTree +-- tunnel-agent@0.6.0
178 silly currentTree +-- tweetnacl@0.14.5
178 silly currentTree +-- typedarray@0.0.6
178 silly currentTree +-- uglify-js@2.4.24
178 silly currentTree | `-- async@0.2.10
178 silly currentTree +-- uglify-to-browserify@1.0.2
178 silly currentTree +-- underscore.string@2.2.1
178 silly currentTree +-- underscore@1.7.0
178 silly currentTree +-- unzip@0.1.7
178 silly currentTree +-- update-notifier@0.1.10
178 silly currentTree | +-- ansi-styles@1.0.0
178 silly currentTree | +-- chalk@0.4.0
178 silly currentTree | +-- semver@2.3.2
178 silly currentTree | `-- strip-ansi@0.1.1
178 silly currentTree +-- upper-case-first@1.1.2
178 silly currentTree +-- upper-case@1.1.3
178 silly currentTree +-- user-home@1.1.1
178 silly currentTree +-- util-deprecate@1.0.2
178 silly currentTree +-- uuid@1.4.2
178 silly currentTree +-- verror@1.10.0
178 silly currentTree +-- whet.extend@0.9.9
178 silly currentTree +-- which@1.0.9
178 silly currentTree +-- window-size@0.1.0
178 silly currentTree +-- wiredep@1.2.2
178 silly currentTree | +-- glob@3.2.11
178 silly currentTree | +-- lodash@1.3.1
178 silly currentTree | `-- minimatch@0.3.0
178 silly currentTree +-- wordwrap@0.0.2
178 silly currentTree +-- xdg-basedir@1.0.1
178 silly currentTree +-- xtend@2.1.2
178 silly currentTree +-- yargs@3.5.4
178 silly currentTree `-- zlib-browserify@0.0.1
179 silly idealTree themes@0.0.0
179 silly idealTree +-- abbrev@1.1.0
179 silly idealTree +-- adm-zip@0.4.7
179 silly idealTree +-- ajv@5.2.2
179 silly idealTree +-- amdefine@1.0.1
179 silly idealTree +-- ansi-regex@2.1.1
179 silly idealTree +-- ansi-styles@0.1.2
179 silly idealTree +-- ansi@0.3.1
179 silly idealTree +-- archy@0.0.2
179 silly idealTree +-- argparse@0.1.16
179 silly idealTree | `-- underscore.string@2.4.0
179 silly idealTree +-- asn1@0.2.3
179 silly idealTree +-- assert-plus@1.0.0
179 silly idealTree +-- astral-angular-annotate@0.0.2
179 silly idealTree +-- astral-pass@0.1.0
179 silly idealTree +-- astral@0.1.0
179 silly idealTree +-- async@0.1.22
179 silly idealTree +-- asynckit@0.4.0
179 silly idealTree +-- aws-sign2@0.7.0
179 silly idealTree +-- aws4@1.6.0
179 silly idealTree +-- bcrypt-pbkdf@1.0.1
179 silly idealTree +-- bin-build@0.1.1
179 silly idealTree +-- bin-check@0.1.5
179 silly idealTree +-- bin-wrapper@0.3.4
179 silly idealTree +-- binary@0.3.0
179 silly idealTree +-- block-stream@0.0.9
179 silly idealTree +-- boom@4.3.1
179 silly idealTree +-- bower-config@0.5.3
179 silly idealTree | `-- graceful-fs@2.0.3
179 silly idealTree +-- bower@0.9.2
179 silly idealTree | +-- abbrev@1.0.9
179 silly idealTree | +-- async@0.2.10
179 silly idealTree | +-- graceful-fs@1.1.14
179 silly idealTree | +-- lodash@1.0.2
179 silly idealTree | +-- nopt@2.0.0
179 silly idealTree | +-- request@2.11.4
179 silly idealTree | | +-- form-data@0.0.3
179 silly idealTree | | | +-- async@0.1.9
179 silly idealTree | | | `-- combined-stream@0.0.3
179 silly idealTree | | |   `-- delayed-stream@0.0.5
179 silly idealTree | | `-- mime@1.2.7
179 silly idealTree | `-- rimraf@2.0.3
179 silly idealTree +-- buffer-crc32@0.2.1
179 silly idealTree +-- buffers@0.1.1
179 silly idealTree +-- bytes@0.2.0
179 silly idealTree +-- camel-case@1.2.2
179 silly idealTree +-- camelcase@1.2.1
179 silly idealTree +-- caseless@0.12.0
179 silly idealTree +-- chainsaw@0.1.0
179 silly idealTree +-- chalk@0.1.1
179 silly idealTree +-- change-case@2.1.6
179 silly idealTree +-- clean-css@2.2.23
179 silly idealTree +-- cli@0.6.6
179 silly idealTree | +-- glob@3.2.11
179 silly idealTree | `-- minimatch@0.3.0
179 silly idealTree +-- clone@0.1.19
179 silly idealTree +-- co@4.6.0
179 silly idealTree +-- coa@0.3.9
179 silly idealTree +-- coffee-script@1.3.3
179 silly idealTree +-- colors@0.6.2
179 silly idealTree +-- combined-stream@1.0.5
179 silly idealTree +-- commander@2.2.0
179 silly idealTree +-- concat-stream@1.6.0
179 silly idealTree | +-- isarray@1.0.0
179 silly idealTree | +-- readable-stream@2.3.3
179 silly idealTree | `-- string_decoder@1.0.3
179 silly idealTree +-- config-chain@0.3.4
179 silly idealTree +-- configstore@0.3.2
179 silly idealTree | +-- argparse@1.0.9
179 silly idealTree | +-- esprima@4.0.0
179 silly idealTree | +-- graceful-fs@3.0.11
179 silly idealTree | +-- js-yaml@3.10.0
179 silly idealTree | +-- minimist@0.0.8
179 silly idealTree | +-- mkdirp@0.5.1
179 silly idealTree | +-- object-assign@2.1.1
179 silly idealTree | +-- osenv@0.1.4
179 silly idealTree | `-- uuid@2.0.3
179 silly idealTree +-- connect-livereload@0.2.0
179 silly idealTree +-- connect@2.7.11
179 silly idealTree +-- console-browserify@1.1.0
179 silly idealTree +-- constant-case@1.1.2
179 silly idealTree +-- cookie-signature@1.0.1
179 silly idealTree +-- cookie@0.0.5
179 silly idealTree +-- core-util-is@1.0.2
179 silly idealTree +-- cryptiles@3.1.2
179 silly idealTree | `-- boom@5.2.0
179 silly idealTree +-- css-parse@1.6.0
179 silly idealTree +-- css-stringify@1.4.1
179 silly idealTree +-- ctype@0.5.3
179 silly idealTree +-- dashdash@1.14.1
179 silly idealTree +-- date-now@0.1.4
179 silly idealTree +-- date-time@0.1.1
179 silly idealTree +-- dateformat@1.0.2-1.2.3
179 silly idealTree +-- debug@2.6.9
179 silly idealTree +-- decamelize@1.2.0
179 silly idealTree +-- decompress@0.2.5
179 silly idealTree | `-- nopt@2.2.1
179 silly idealTree +-- deep-equal@0.0.0
179 silly idealTree +-- defined@0.0.0
179 silly idealTree +-- delayed-stream@1.0.0
179 silly idealTree +-- dom-serializer@0.1.0
179 silly idealTree | +-- domelementtype@1.1.3
179 silly idealTree | `-- entities@1.1.1
179 silly idealTree +-- domelementtype@1.3.0
179 silly idealTree +-- domhandler@2.3.0
179 silly idealTree +-- domutils@1.5.1
179 silly idealTree +-- dot-case@1.1.2
179 silly idealTree +-- download@0.1.19
179 silly idealTree | `-- nopt@2.2.1
179 silly idealTree +-- duplexer@0.1.1
179 silly idealTree +-- each-async@0.1.3
179 silly idealTree +-- ecc-jsbn@0.1.1
179 silly idealTree +-- entities@1.0.0
179 silly idealTree +-- escape-string-regexp@1.0.5
179 silly idealTree +-- escodegen@0.0.28
179 silly idealTree +-- esprima@1.0.4
179 silly idealTree +-- estraverse@1.3.2
179 silly idealTree +-- eventemitter2@0.4.14
179 silly idealTree +-- executable@0.1.3
179 silly idealTree +-- exit@0.1.2
179 silly idealTree +-- ext-list@0.2.0
179 silly idealTree +-- ext-name@1.0.1
179 silly idealTree | `-- underscore.string@2.3.3
179 silly idealTree +-- extend@3.0.1
179 silly idealTree +-- extsprintf@1.3.0
179 silly idealTree +-- fast-deep-equal@1.0.0
179 silly idealTree +-- faye-websocket@0.4.4
179 silly idealTree +-- filesize@1.10.0
179 silly idealTree +-- find-file@0.1.4
179 silly idealTree +-- findup-sync@0.1.3
179 silly idealTree | +-- glob@3.2.11
179 silly idealTree | +-- lodash@2.4.2
179 silly idealTree | `-- minimatch@0.3.0
179 silly idealTree +-- forever-agent@0.6.1
179 silly idealTree +-- form-data@2.3.1
179 silly idealTree +-- formidable@1.0.14
179 silly idealTree +-- fresh@0.1.0
179 silly idealTree +-- fstream@0.1.31
179 silly idealTree | +-- graceful-fs@3.0.11
179 silly idealTree | +-- minimist@0.0.8
179 silly idealTree | `-- mkdirp@0.5.1
179 silly idealTree +-- gaze@0.4.3
179 silly idealTree +-- get-stdin@0.1.0
179 silly idealTree +-- get-urls@0.1.2
179 silly idealTree +-- getobject@0.1.0
179 silly idealTree +-- getpass@0.1.7
179 silly idealTree +-- gifsicle@0.1.7
179 silly idealTree +-- glob@3.1.21
179 silly idealTree | `-- inherits@1.0.2
179 silly idealTree +-- globule@0.1.0
179 silly idealTree | `-- lodash@1.0.2
179 silly idealTree +-- google-cdn@0.1.4
179 silly idealTree | +-- debug@0.7.4
179 silly idealTree | `-- semver@2.0.11
179 silly idealTree +-- got@0.2.0
179 silly idealTree +-- graceful-fs@1.2.3
179 silly idealTree +-- grunt-angular-templates@0.5.9
179 silly idealTree +-- grunt-autoprefixer@0.4.2
179 silly idealTree | `-- autoprefixer@0.8.20131213
179 silly idealTree +-- grunt-bower-install@1.0.2
179 silly idealTree +-- grunt-concurrent@0.5.0
179 silly idealTree | `-- async@0.2.10
179 silly idealTree +-- grunt-contrib-clean@0.5.0
179 silly idealTree +-- grunt-contrib-concat@0.3.0
179 silly idealTree +-- grunt-contrib-connect@0.5.0
179 silly idealTree +-- grunt-contrib-copy@0.4.1
179 silly idealTree +-- grunt-contrib-cssmin@0.7.0
179 silly idealTree | +-- clean-css@2.0.8
179 silly idealTree | `-- commander@2.0.0
179 silly idealTree +-- grunt-contrib-htmlmin@0.1.3
179 silly idealTree | `-- html-minifier@0.5.6
179 silly idealTree +-- grunt-contrib-imagemin@0.3.0
179 silly idealTree | +-- ansi-styles@0.2.0
179 silly idealTree | `-- chalk@0.2.1
179 silly idealTree +-- grunt-contrib-jshint@0.10.0
179 silly idealTree +-- grunt-contrib-less@0.11.4
179 silly idealTree | +-- ansi-regex@0.2.1
179 silly idealTree | +-- ansi-styles@1.1.0
179 silly idealTree | +-- async@0.2.10
179 silly idealTree | +-- chalk@0.5.1
179 silly idealTree | +-- has-ansi@0.1.0
179 silly idealTree | +-- lodash@2.4.2
179 silly idealTree | +-- strip-ansi@0.3.0
179 silly idealTree | `-- supports-color@0.2.0
179 silly idealTree +-- grunt-contrib-uglify@0.2.7
179 silly idealTree +-- grunt-contrib-watch@0.5.3
179 silly idealTree +-- grunt-google-cdn@0.2.2
179 silly idealTree +-- grunt-karma@0.8.3
179 silly idealTree | `-- lodash@2.4.2
179 silly idealTree +-- grunt-legacy-log-utils@0.1.1
179 silly idealTree | +-- lodash@2.4.2
179 silly idealTree | `-- underscore.string@2.3.3
179 silly idealTree +-- grunt-legacy-log@0.1.3
179 silly idealTree | +-- lodash@2.4.2
179 silly idealTree | `-- underscore.string@2.3.3
179 silly idealTree +-- grunt-legacy-util@0.2.0
179 silly idealTree +-- grunt-lib-contrib@0.6.1
179 silly idealTree +-- grunt-newer@0.6.1
179 silly idealTree | +-- async@0.2.9
179 silly idealTree | +-- graceful-fs@2.0.3
179 silly idealTree | `-- rimraf@2.2.4
179 silly idealTree +-- grunt-ngmin@0.0.3
179 silly idealTree +-- grunt-processhtml@0.3.13
179 silly idealTree | `-- async@0.9.2
179 silly idealTree +-- grunt-rev@0.1.0
179 silly idealTree +-- grunt-svgmin@0.2.1
179 silly idealTree | +-- ansi-styles@0.2.0
179 silly idealTree | +-- chalk@0.3.0
179 silly idealTree | `-- filesize@2.0.4
179 silly idealTree +-- grunt-usemin@2.0.2
179 silly idealTree | +-- debug@0.7.4
179 silly idealTree | `-- lodash@1.0.2
179 silly idealTree +-- grunt@0.4.5
179 silly idealTree +-- gzip-size@0.1.1
179 silly idealTree | `-- zlib-browserify@0.0.3
179 silly idealTree +-- har-schema@2.0.0
179 silly idealTree +-- har-validator@5.0.3
179 silly idealTree +-- has-ansi@2.0.0
179 silly idealTree +-- has-color@0.1.7
179 silly idealTree +-- hawk@6.0.2
179 silly idealTree +-- hoek@4.2.0
179 silly idealTree +-- hogan.js@2.0.0
179 silly idealTree +-- hooker@0.2.3
179 silly idealTree +-- html-minifier@0.6.9
179 silly idealTree +-- htmlparser2@3.8.3
179 silly idealTree | `-- readable-stream@1.1.14
179 silly idealTree +-- htmlprocessor@0.2.3
179 silly idealTree | `-- lodash@2.4.2
179 silly idealTree +-- http-signature@1.2.0
179 silly idealTree +-- iconv-lite@0.2.11
179 silly idealTree +-- inherits@2.0.3
179 silly idealTree +-- ini@1.0.5
179 silly idealTree +-- is-lower-case@1.1.3
179 silly idealTree +-- is-typedarray@1.0.0
179 silly idealTree +-- is-upper-case@1.1.2
179 silly idealTree +-- isarray@0.0.1
179 silly idealTree +-- isstream@0.1.2
179 silly idealTree +-- jpegtran-bin@0.2.8
179 silly idealTree +-- js-yaml@2.0.5
179 silly idealTree +-- jsbn@0.1.1
179 silly idealTree +-- jshint-stylish@0.1.5
179 silly idealTree | +-- ansi-styles@1.0.0
179 silly idealTree | +-- chalk@0.4.0
179 silly idealTree | `-- strip-ansi@0.1.1
179 silly idealTree +-- jshint@2.5.11
179 silly idealTree | +-- minimatch@1.0.0
179 silly idealTree | `-- underscore@1.6.0
179 silly idealTree +-- json-schema-traverse@0.3.1
179 silly idealTree +-- json-schema@0.2.3
179 silly idealTree +-- json-stable-stringify@1.0.1
179 silly idealTree +-- json-stringify-safe@5.0.1
179 silly idealTree +-- jsonify@0.0.0
179 silly idealTree +-- jsprim@1.4.1
179 silly idealTree +-- karma-ng-html2js-preprocessor@0.1.2
179 silly idealTree +-- karma-ng-scenario@0.1.0
179 silly idealTree +-- keypress@0.1.0
179 silly idealTree +-- less@1.7.5
179 silly idealTree | +-- asn1@0.1.11
179 silly idealTree | +-- assert-plus@0.1.5
179 silly idealTree | +-- async@0.9.2
179 silly idealTree | +-- aws-sign2@0.5.0
179 silly idealTree | +-- boom@0.4.2
179 silly idealTree | +-- combined-stream@0.0.7
179 silly idealTree | +-- cryptiles@0.2.2
179 silly idealTree | +-- delayed-stream@0.0.5
179 silly idealTree | +-- forever-agent@0.5.2
179 silly idealTree | +-- form-data@0.1.4
179 silly idealTree | +-- graceful-fs@3.0.11
179 silly idealTree | +-- hawk@1.1.1
179 silly idealTree | +-- hoek@0.9.1
179 silly idealTree | +-- http-signature@0.10.1
179 silly idealTree | +-- mime-types@1.0.2
179 silly idealTree | +-- minimist@0.0.8
179 silly idealTree | +-- mkdirp@0.5.1
179 silly idealTree | +-- oauth-sign@0.3.0
179 silly idealTree | +-- qs@1.0.2
179 silly idealTree | +-- request@2.40.0
179 silly idealTree | +-- sntp@0.2.4
179 silly idealTree | `-- tunnel-agent@0.4.3
179 silly idealTree +-- load-grunt-tasks@0.4.0
179 silly idealTree +-- lodash.clonedeep@4.5.0
179 silly idealTree +-- lodash@0.9.2
179 silly idealTree +-- log-symbols@1.0.2
179 silly idealTree | +-- ansi-styles@2.2.1
179 silly idealTree | `-- chalk@1.1.3
179 silly idealTree +-- lower-case@1.1.4
179 silly idealTree +-- lpad@0.2.1
179 silly idealTree +-- lru-cache@2.7.3
179 silly idealTree +-- match-stream@0.0.1
179 silly idealTree +-- maxmin@0.1.0
179 silly idealTree | +-- ansi-styles@1.0.0
179 silly idealTree | +-- chalk@0.4.0
179 silly idealTree | `-- strip-ansi@0.1.1
179 silly idealTree +-- mime-db@1.30.0
179 silly idealTree +-- mime-types@2.1.17
179 silly idealTree +-- mime@1.2.11
179 silly idealTree +-- minimatch@0.2.14
179 silly idealTree +-- minimist@0.0.10
179 silly idealTree +-- mkdirp@0.3.5
179 silly idealTree +-- mout@0.9.1
179 silly idealTree +-- ms@2.0.0
179 silly idealTree +-- multimatch@0.1.0
179 silly idealTree | `-- lodash@2.4.2
179 silly idealTree +-- mute-stream@0.0.7
179 silly idealTree +-- natives@1.1.0
179 silly idealTree +-- ngmin@0.4.1
179 silly idealTree | `-- commander@1.1.1
179 silly idealTree +-- node-uuid@1.4.8
179 silly idealTree +-- nopt@1.0.10
179 silly idealTree +-- noptify@0.0.3
179 silly idealTree | `-- nopt@2.0.0
179 silly idealTree +-- npmlog@0.1.1
179 silly idealTree +-- oauth-sign@0.8.2
179 silly idealTree +-- object-assign@0.3.1
179 silly idealTree +-- object-keys@0.4.0
179 silly idealTree +-- open@0.0.4
179 silly idealTree +-- optimist@0.6.1
179 silly idealTree +-- optipng-bin@0.3.11
179 silly idealTree +-- os-homedir@1.0.2
179 silly idealTree +-- os-tmpdir@1.0.2
179 silly idealTree +-- osenv@0.0.3
179 silly idealTree +-- over@0.0.5
179 silly idealTree +-- pad-stdio@0.1.1
179 silly idealTree +-- param-case@1.1.2
179 silly idealTree +-- pascal-case@1.1.2
179 silly idealTree +-- path-case@1.1.2
179 silly idealTree +-- pause@0.0.1
179 silly idealTree +-- performance-now@2.1.0
179 silly idealTree +-- pngquant-bin@0.1.7
179 silly idealTree | +-- ansi-styles@1.0.0
179 silly idealTree | +-- bin-wrapper@0.2.4
179 silly idealTree | +-- chalk@0.4.0
179 silly idealTree | `-- strip-ansi@0.1.1
179 silly idealTree +-- pretty-bytes@0.1.2
179 silly idealTree +-- process-nextick-args@1.0.7
179 silly idealTree +-- promptly@0.1.0
179 silly idealTree +-- proto-list@1.2.4
179 silly idealTree +-- pullstream@0.4.1
179 silly idealTree +-- punycode@1.4.1
179 silly idealTree +-- q@0.8.12
179 silly idealTree +-- qs@0.6.5
179 silly idealTree +-- range-parser@0.0.4
179 silly idealTree +-- rc@0.0.8
179 silly idealTree | `-- optimist@0.3.7
179 silly idealTree +-- read-package-json@0.1.13
179 silly idealTree | `-- lru-cache@2.0.4
179 silly idealTree +-- read@1.0.7
179 silly idealTree +-- readable-stream@1.0.34
179 silly idealTree +-- relateurl@0.2.7
179 silly idealTree +-- request@2.82.0
179 silly idealTree | +-- qs@6.5.1
179 silly idealTree | `-- uuid@3.1.0
179 silly idealTree +-- rimraf@2.2.8
179 silly idealTree +-- safe-buffer@5.1.1
179 silly idealTree +-- sax@0.5.8
179 silly idealTree +-- semver@1.1.4
179 silly idealTree +-- send@0.1.1
179 silly idealTree +-- sentence-case@1.1.3
179 silly idealTree +-- setimmediate@1.0.5
179 silly idealTree +-- shelljs@0.3.0
179 silly idealTree +-- sigmund@1.0.1
179 silly idealTree +-- slice-stream@1.0.0
179 silly idealTree +-- slide@1.1.6
179 silly idealTree +-- snake-case@1.1.2
179 silly idealTree +-- sntp@2.0.2
179 silly idealTree +-- source-map@0.1.34
179 silly idealTree +-- sprintf-js@1.0.3
179 silly idealTree +-- sshpk@1.13.1
179 silly idealTree +-- stable@0.1.6
179 silly idealTree +-- stream-combiner@0.0.4
179 silly idealTree +-- string_decoder@0.10.31
179 silly idealTree +-- stringstream@0.0.5
179 silly idealTree +-- strip-ansi@3.0.1
179 silly idealTree +-- strip-json-comments@1.0.4
179 silly idealTree +-- supports-color@2.0.0
179 silly idealTree +-- svgo@0.3.7
179 silly idealTree | +-- argparse@1.0.9
179 silly idealTree | +-- esprima@4.0.0
179 silly idealTree | `-- js-yaml@3.10.0
179 silly idealTree +-- swap-case@1.1.2
179 silly idealTree +-- tape@0.2.2
179 silly idealTree +-- tar@0.1.20
179 silly idealTree +-- tempfile@0.1.3
179 silly idealTree +-- text-table@0.2.0
179 silly idealTree +-- through2@0.4.2
179 silly idealTree +-- time-grunt@0.2.10
179 silly idealTree | +-- ansi-styles@1.0.0
179 silly idealTree | +-- chalk@0.4.0
179 silly idealTree | `-- strip-ansi@0.1.1
179 silly idealTree +-- tiny-lr@0.0.4
179 silly idealTree | +-- debug@0.7.4
179 silly idealTree | `-- qs@0.5.6
179 silly idealTree +-- title-case@1.1.2
179 silly idealTree +-- tmp@0.0.33
179 silly idealTree +-- tough-cookie@2.3.3
179 silly idealTree +-- traverse@0.3.9
179 silly idealTree +-- tunnel-agent@0.6.0
179 silly idealTree +-- tweetnacl@0.14.5
179 silly idealTree +-- typedarray@0.0.6
179 silly idealTree +-- uglify-js@2.4.24
179 silly idealTree | `-- async@0.2.10
179 silly idealTree +-- uglify-to-browserify@1.0.2
179 silly idealTree +-- underscore.string@2.2.1
179 silly idealTree +-- underscore@1.7.0
179 silly idealTree +-- unzip@0.1.7
179 silly idealTree +-- update-notifier@0.1.10
179 silly idealTree | +-- ansi-styles@1.0.0
179 silly idealTree | +-- chalk@0.4.0
179 silly idealTree | +-- semver@2.3.2
179 silly idealTree | `-- strip-ansi@0.1.1
179 silly idealTree +-- upper-case-first@1.1.2
179 silly idealTree +-- upper-case@1.1.3
179 silly idealTree +-- user-home@1.1.1
179 silly idealTree +-- util-deprecate@1.0.2
179 silly idealTree +-- uuid@1.4.2
179 silly idealTree +-- verror@1.10.0
179 silly idealTree +-- whet.extend@0.9.9
179 silly idealTree +-- which@1.0.9
179 silly idealTree +-- window-size@0.1.0
179 silly idealTree +-- wiredep@1.2.2
179 silly idealTree | +-- glob@3.2.11
179 silly idealTree | +-- lodash@1.3.1
179 silly idealTree | `-- minimatch@0.3.0
179 silly idealTree +-- wordwrap@0.0.2
179 silly idealTree +-- xdg-basedir@1.0.1
179 silly idealTree +-- xtend@2.1.2
179 silly idealTree +-- yargs@3.5.4
179 silly idealTree `-- zlib-browserify@0.0.1
180 silly generateActionsToTake Starting
181 silly install generateActionsToTake
182 silly generateActionsToTake Finishing
183 silly diffTrees action count 4
184 silly diffTrees add gifsicle@0.1.7
185 silly diffTrees add ansi-styles@0.2.0
186 silly diffTrees add chalk@0.2.1
187 silly diffTrees add grunt-contrib-imagemin@0.3.0
188 silly decomposeActions action count 32
189 silly decomposeActions fetch gifsicle@0.1.7
190 silly decomposeActions extract gifsicle@0.1.7
191 silly decomposeActions test gifsicle@0.1.7
192 silly decomposeActions preinstall gifsicle@0.1.7
193 silly decomposeActions build gifsicle@0.1.7
194 silly decomposeActions install gifsicle@0.1.7
195 silly decomposeActions postinstall gifsicle@0.1.7
196 silly decomposeActions finalize gifsicle@0.1.7
197 silly decomposeActions fetch ansi-styles@0.2.0
198 silly decomposeActions extract ansi-styles@0.2.0
199 silly decomposeActions test ansi-styles@0.2.0
200 silly decomposeActions preinstall ansi-styles@0.2.0
201 silly decomposeActions build ansi-styles@0.2.0
202 silly decomposeActions install ansi-styles@0.2.0
203 silly decomposeActions postinstall ansi-styles@0.2.0
204 silly decomposeActions finalize ansi-styles@0.2.0
205 silly decomposeActions fetch chalk@0.2.1
206 silly decomposeActions extract chalk@0.2.1
207 silly decomposeActions test chalk@0.2.1
208 silly decomposeActions preinstall chalk@0.2.1
209 silly decomposeActions build chalk@0.2.1
210 silly decomposeActions install chalk@0.2.1
211 silly decomposeActions postinstall chalk@0.2.1
212 silly decomposeActions finalize chalk@0.2.1
213 silly decomposeActions fetch grunt-contrib-imagemin@0.3.0
214 silly decomposeActions extract grunt-contrib-imagemin@0.3.0
215 silly decomposeActions test grunt-contrib-imagemin@0.3.0
216 silly decomposeActions preinstall grunt-contrib-imagemin@0.3.0
217 silly decomposeActions build grunt-contrib-imagemin@0.3.0
218 silly decomposeActions install grunt-contrib-imagemin@0.3.0
219 silly decomposeActions postinstall grunt-contrib-imagemin@0.3.0
220 silly decomposeActions finalize grunt-contrib-imagemin@0.3.0
221 silly runTopLevelLifecycles Starting
222 silly install runPreinstallTopLevelLifecycles
223 silly preinstall themes@0.0.0
224 info lifecycle themes@0.0.0~preinstall: themes@0.0.0
225 silly lifecycle themes@0.0.0~preinstall: no script for preinstall, continuing
226 silly executeActions Starting
227 silly install executeActions
228 silly doSerial global-install 0
229 silly doParallel fetch 4
230 verbose correctMkdir C:\Users\bonamahe\AppData\Roaming\npm-cache\_locks correctMkdir not in flight; initializing
231 verbose lock using C:\Users\bonamahe\AppData\Roaming\npm-cache\_locks\staging-3f47938f055dfc7c.lock for C:\projectk2\static\projectK-static\WebContent\node_modules\.staging
232 silly doParallel extract 4
233 silly extract gifsicle@0.1.7
234 silly extract ansi-styles@0.2.0
235 silly extract chalk@0.2.1
236 silly extract grunt-contrib-imagemin@0.3.0
237 verbose unbuild node_modules\.staging\chalk-8d70ad33
238 verbose unbuild node_modules\.staging\ansi-styles-8f6161b1
239 verbose unbuild node_modules\.staging\gifsicle-f06a3f90
240 verbose unbuild node_modules\.staging\grunt-contrib-imagemin-3828da4e
241 silly gentlyRm C:\projectk2\static\projectK-static\WebContent\node_modules\.staging\chalk-8d70ad33 is being purged from base C:\projectk2\static\projectK-static\WebContent
242 verbose gentlyRm don't care about contents; nuking C:\projectk2\static\projectK-static\WebContent\node_modules\.staging\chalk-8d70ad33
243 silly gentlyRm C:\projectk2\static\projectK-static\WebContent\node_modules\.staging\ansi-styles-8f6161b1 is being purged from base C:\projectk2\static\projectK-static\WebContent
244 verbose gentlyRm don't care about contents; nuking C:\projectk2\static\projectK-static\WebContent\node_modules\.staging\ansi-styles-8f6161b1
245 verbose tar unpack C:\Users\bonamahe\AppData\Roaming\npm-cache\chalk\0.2.1\package.tgz
246 verbose tar unpacking to C:\projectk2\static\projectK-static\WebContent\node_modules\.staging\chalk-8d70ad33
247 silly gentlyRm C:\projectk2\static\projectK-static\WebContent\node_modules\.staging\chalk-8d70ad33 is being purged
248 verbose gentlyRm don't care about contents; nuking C:\projectk2\static\projectK-static\WebContent\node_modules\.staging\chalk-8d70ad33
249 silly gentlyRm C:\projectk2\static\projectK-static\WebContent\node_modules\.staging\gifsicle-f06a3f90 is being purged from base C:\projectk2\static\projectK-static\WebContent
250 verbose gentlyRm don't care about contents; nuking C:\projectk2\static\projectK-static\WebContent\node_modules\.staging\gifsicle-f06a3f90
251 verbose tar unpack C:\Users\bonamahe\AppData\Roaming\npm-cache\ansi-styles\0.2.0\package.tgz
252 verbose tar unpacking to C:\projectk2\static\projectK-static\WebContent\node_modules\.staging\ansi-styles-8f6161b1
253 silly gentlyRm C:\projectk2\static\projectK-static\WebContent\node_modules\.staging\ansi-styles-8f6161b1 is being purged
254 verbose gentlyRm don't care about contents; nuking C:\projectk2\static\projectK-static\WebContent\node_modules\.staging\ansi-styles-8f6161b1
255 silly gunzTarPerm modes [ '777', '666' ]
256 verbose tar unpack C:\Users\bonamahe\AppData\Roaming\npm-cache\gifsicle\0.1.7\package.tgz
257 verbose tar unpacking to C:\projectk2\static\projectK-static\WebContent\node_modules\.staging\gifsicle-f06a3f90
258 silly gentlyRm C:\projectk2\static\projectK-static\WebContent\node_modules\.staging\gifsicle-f06a3f90 is being purged
259 verbose gentlyRm don't care about contents; nuking C:\projectk2\static\projectK-static\WebContent\node_modules\.staging\gifsicle-f06a3f90
260 silly gunzTarPerm modes [ '777', '666' ]
261 silly gentlyRm C:\projectk2\static\projectK-static\WebContent\node_modules\.staging\grunt-contrib-imagemin-3828da4e is being purged from base C:\projectk2\static\projectK-static\WebContent
262 verbose gentlyRm don't care about contents; nuking C:\projectk2\static\projectK-static\WebContent\node_modules\.staging\grunt-contrib-imagemin-3828da4e
263 silly gunzTarPerm modes [ '777', '666' ]
264 verbose tar unpack C:\Users\bonamahe\AppData\Roaming\npm-cache\grunt-contrib-imagemin\0.3.0\package.tgz
265 verbose tar unpacking to C:\projectk2\static\projectK-static\WebContent\node_modules\.staging\grunt-contrib-imagemin-3828da4e
266 silly gentlyRm C:\projectk2\static\projectK-static\WebContent\node_modules\.staging\grunt-contrib-imagemin-3828da4e is being purged
267 verbose gentlyRm don't care about contents; nuking C:\projectk2\static\projectK-static\WebContent\node_modules\.staging\grunt-contrib-imagemin-3828da4e
268 silly gunzTarPerm modes [ '777', '666' ]
269 silly gunzTarPerm extractEntry package.json
270 silly gunzTarPerm modified mode [ 'package.json', 420, 438 ]
271 silly gunzTarPerm extractEntry package.json
272 silly gunzTarPerm modified mode [ 'package.json', 420, 438 ]
273 silly gunzTarPerm extractEntry package.json
274 silly gunzTarPerm extractEntry package.json
275 silly gunzTarPerm modified mode [ 'package.json', 420, 438 ]
276 silly gunzTarPerm extractEntry chalk.js
277 silly gunzTarPerm modified mode [ 'chalk.js', 420, 438 ]
278 silly gunzTarPerm extractEntry readme.md
279 silly gunzTarPerm modified mode [ 'readme.md', 420, 438 ]
280 silly gunzTarPerm extractEntry README.md
281 silly gunzTarPerm extractEntry cli.js
282 silly gunzTarPerm extractEntry ansi-styles.js
283 silly gunzTarPerm modified mode [ 'ansi-styles.js', 420, 438 ]
284 silly gunzTarPerm extractEntry readme.md
285 silly gunzTarPerm modified mode [ 'readme.md', 420, 438 ]
286 silly gunzTarPerm extractEntry README.md
287 silly gunzTarPerm modified mode [ 'README.md', 420, 438 ]
288 silly gunzTarPerm extractEntry tasks/imagemin.js
289 silly gunzTarPerm modified mode [ 'tasks/imagemin.js', 420, 438 ]
290 silly gunzTarPerm extractEntry index.js
291 silly gentlyRm C:\projectk2\static\projectK-static\WebContent\node_modules\.staging\chalk-8d70ad33\node_modules is being purged
292 verbose gentlyRm don't care about contents; nuking C:\projectk2\static\projectK-static\WebContent\node_modules\.staging\chalk-8d70ad33\node_modules
293 silly gentlyRm C:\projectk2\static\projectK-static\WebContent\node_modules\.staging\gifsicle-f06a3f90\node_modules is being purged
294 verbose gentlyRm don't care about contents; nuking C:\projectk2\static\projectK-static\WebContent\node_modules\.staging\gifsicle-f06a3f90\node_modules
295 silly gentlyRm C:\projectk2\static\projectK-static\WebContent\node_modules\.staging\ansi-styles-8f6161b1\node_modules is being purged
296 verbose gentlyRm don't care about contents; nuking C:\projectk2\static\projectK-static\WebContent\node_modules\.staging\ansi-styles-8f6161b1\node_modules
297 silly gentlyRm C:\projectk2\static\projectK-static\WebContent\node_modules\.staging\grunt-contrib-imagemin-3828da4e\node_modules is being purged
298 verbose gentlyRm don't care about contents; nuking C:\projectk2\static\projectK-static\WebContent\node_modules\.staging\grunt-contrib-imagemin-3828da4e\node_modules
299 silly doParallel preinstall 4
300 silly preinstall gifsicle@0.1.7
301 info lifecycle gifsicle@0.1.7~preinstall: gifsicle@0.1.7
302 silly preinstall ansi-styles@0.2.0
303 info lifecycle ansi-styles@0.2.0~preinstall: ansi-styles@0.2.0
304 silly preinstall chalk@0.2.1
305 info lifecycle chalk@0.2.1~preinstall: chalk@0.2.1
306 silly preinstall grunt-contrib-imagemin@0.3.0
307 info lifecycle grunt-contrib-imagemin@0.3.0~preinstall: grunt-contrib-imagemin@0.3.0
308 silly lifecycle gifsicle@0.1.7~preinstall: no script for preinstall, continuing
309 silly lifecycle ansi-styles@0.2.0~preinstall: no script for preinstall, continuing
310 silly lifecycle chalk@0.2.1~preinstall: no script for preinstall, continuing
311 silly lifecycle grunt-contrib-imagemin@0.3.0~preinstall: no script for preinstall, continuing
312 silly doReverseSerial remove 0
313 silly doSerial move 0
314 silly doSerial finalize 4
315 silly finalize C:\projectk2\static\projectK-static\WebContent\node_modules\gifsicle
316 silly finalize C:\projectk2\static\projectK-static\WebContent\node_modules\grunt-contrib-imagemin\node_modules\ansi-styles
317 silly finalize C:\projectk2\static\projectK-static\WebContent\node_modules\grunt-contrib-imagemin\node_modules\chalk
318 silly finalize C:\projectk2\static\projectK-static\WebContent\node_modules\grunt-contrib-imagemin
319 silly doSerial build 4
320 silly build gifsicle@0.1.7
321 info linkStuff gifsicle@0.1.7
322 silly linkStuff gifsicle@0.1.7 has C:\projectk2\static\projectK-static\WebContent\node_modules as its parent node_modules
323 verbose linkBins gifsicle@0.1.7
324 verbose linkBins [ { gifsicle: 'cli.js' },
324 verbose linkBins   'C:\\projectk2\\static\\projectK-static\\WebContent\\node_modules\\.bin',
324 verbose linkBins   false ]
325 verbose linkMans gifsicle@0.1.7
326 silly build ansi-styles@0.2.0
327 info linkStuff ansi-styles@0.2.0
328 silly linkStuff ansi-styles@0.2.0 has C:\projectk2\static\projectK-static\WebContent\node_modules\grunt-contrib-imagemin\node_modules as its parent node_modules
329 verbose linkBins ansi-styles@0.2.0
330 verbose linkMans ansi-styles@0.2.0
331 silly build chalk@0.2.1
332 info linkStuff chalk@0.2.1
333 silly linkStuff chalk@0.2.1 has C:\projectk2\static\projectK-static\WebContent\node_modules\grunt-contrib-imagemin\node_modules as its parent node_modules
334 verbose linkBins chalk@0.2.1
335 verbose linkMans chalk@0.2.1
336 silly build grunt-contrib-imagemin@0.3.0
337 info linkStuff grunt-contrib-imagemin@0.3.0
338 silly linkStuff grunt-contrib-imagemin@0.3.0 has C:\projectk2\static\projectK-static\WebContent\node_modules as its parent node_modules
339 verbose linkBins grunt-contrib-imagemin@0.3.0
340 verbose linkMans grunt-contrib-imagemin@0.3.0
341 silly doSerial global-link 0
342 silly doParallel update-linked 0
343 silly doSerial install 4
344 silly install gifsicle@0.1.7
345 info lifecycle gifsicle@0.1.7~install: gifsicle@0.1.7
346 silly lifecycle gifsicle@0.1.7~install: no script for install, continuing
347 silly install ansi-styles@0.2.0
348 info lifecycle ansi-styles@0.2.0~install: ansi-styles@0.2.0
349 silly lifecycle ansi-styles@0.2.0~install: no script for install, continuing
350 silly install chalk@0.2.1
351 info lifecycle chalk@0.2.1~install: chalk@0.2.1
352 silly lifecycle chalk@0.2.1~install: no script for install, continuing
353 silly install grunt-contrib-imagemin@0.3.0
354 info lifecycle grunt-contrib-imagemin@0.3.0~install: grunt-contrib-imagemin@0.3.0
355 silly lifecycle grunt-contrib-imagemin@0.3.0~install: no script for install, continuing
356 silly doSerial postinstall 4
357 silly postinstall gifsicle@0.1.7
358 info lifecycle gifsicle@0.1.7~postinstall: gifsicle@0.1.7
359 verbose lifecycle gifsicle@0.1.7~postinstall: unsafe-perm in lifecycle true
360 verbose lifecycle gifsicle@0.1.7~postinstall: PATH: C:\Program Files\nodejs\node_modules\npm\bin\node-gyp-bin;C:\projectk2\static\projectK-static\WebContent\node_modules\gifsicle\node_modules\.bin;C:\projectk2\static\projectK-static\WebContent\node_modules\.bin;C:\Python27\;C:\Python27\Scripts;C:\Program Files (x86)\Python35-32\Scripts\;C:\Program Files (x86)\Python35-32\;C:\ProgramData\Oracle\Java\javapath;C:\Program Files (x86)\RSA SecurID Token Common;C:\windows\system32;C:\windows;C:\windows\System32\Wbem;C:\Program Files (x86)\Microsoft Application Virtualization Client;C:\windows\System32\WindowsPowerShell\v1.0\;C:\Program Files\Java\jdk1.8.0_73/bin;C:\Program Files\TortoiseGit\bin;C:\Program Files (x86)\MySQL\MySQL Fabric 1.5 & MySQL Utilities 1.5\;C:\Program Files (x86)\MySQL\MySQL Fabric 1.5 & MySQL Utilities 1.5\Doctrine extensions for PHP\;C:\Program Files\nodejs\;C:\windows\System32\WindowsPowerShell\v1.0\;C:\Program Files\nodejs;C:\Program Files (x86)\Git\cmd;C:\Users\bonamahe\AppData\Roaming\npm;C:\Python27\python.exe;C:\Program Files\Java\jre1.8.0_73\bin;
361 verbose lifecycle gifsicle@0.1.7~postinstall: CWD: C:\projectk2\static\projectK-static\WebContent\node_modules\gifsicle
362 silly lifecycle gifsicle@0.1.7~postinstall: Args: [ '/d /s /c', 'node index.js' ]
363 silly lifecycle gifsicle@0.1.7~postinstall: Returned: code: 1  signal: null
364 info lifecycle gifsicle@0.1.7~postinstall: Failed to exec postinstall script
365 verbose unlock done using C:\Users\bonamahe\AppData\Roaming\npm-cache\_locks\staging-3f47938f055dfc7c.lock for C:\projectk2\static\projectK-static\WebContent\node_modules\.staging
366 silly rollbackFailedOptional Starting
367 silly gentlyRm C:\projectk2\static\projectK-static\WebContent\node_modules\gifsicle is being purged from base C:\projectk2\static\projectK-static\WebContent
368 verbose gentlyRm don't care about contents; nuking C:\projectk2\static\projectK-static\WebContent\node_modules\gifsicle
369 silly gentlyRm C:\projectk2\static\projectK-static\WebContent\node_modules\gifsicle is being purged from base C:\projectk2\static\projectK-static\WebContent
370 verbose gentlyRm don't care about contents; nuking C:\projectk2\static\projectK-static\WebContent\node_modules\gifsicle
371 silly gentlyRm C:\projectk2\static\projectK-static\WebContent\node_modules\gifsicle is being purged from base C:\projectk2\static\projectK-static\WebContent
372 verbose gentlyRm don't care about contents; nuking C:\projectk2\static\projectK-static\WebContent\node_modules\gifsicle
373 silly gentlyRm C:\projectk2\static\projectK-static\WebContent\node_modules\gifsicle is being purged from base C:\projectk2\static\projectK-static\WebContent
374 verbose gentlyRm don't care about contents; nuking C:\projectk2\static\projectK-static\WebContent\node_modules\gifsicle
375 silly gentlyRm C:\projectk2\static\projectK-static\WebContent\node_modules\gifsicle is being purged from base C:\projectk2\static\projectK-static\WebContent
376 verbose gentlyRm don't care about contents; nuking C:\projectk2\static\projectK-static\WebContent\node_modules\gifsicle
377 silly gentlyRm C:\projectk2\static\projectK-static\WebContent\node_modules\gifsicle is being purged from base C:\projectk2\static\projectK-static\WebContent
378 verbose gentlyRm don't care about contents; nuking C:\projectk2\static\projectK-static\WebContent\node_modules\gifsicle
379 silly gentlyRm C:\projectk2\static\projectK-static\WebContent\node_modules\gifsicle is being purged from base C:\projectk2\static\projectK-static\WebContent
380 verbose gentlyRm don't care about contents; nuking C:\projectk2\static\projectK-static\WebContent\node_modules\gifsicle
381 silly gentlyRm C:\projectk2\static\projectK-static\WebContent\node_modules\gifsicle is being purged from base C:\projectk2\static\projectK-static\WebContent
382 verbose gentlyRm don't care about contents; nuking C:\projectk2\static\projectK-static\WebContent\node_modules\gifsicle
383 silly gentlyRm C:\projectk2\static\projectK-static\WebContent\node_modules\grunt-contrib-imagemin is being purged from base C:\projectk2\static\projectK-static\WebContent
384 verbose gentlyRm don't care about contents; nuking C:\projectk2\static\projectK-static\WebContent\node_modules\grunt-contrib-imagemin
385 silly gentlyRm C:\projectk2\static\projectK-static\WebContent\node_modules\grunt-contrib-imagemin is being purged from base C:\projectk2\static\projectK-static\WebContent
386 verbose gentlyRm don't care about contents; nuking C:\projectk2\static\projectK-static\WebContent\node_modules\grunt-contrib-imagemin
387 silly gentlyRm C:\projectk2\static\projectK-static\WebContent\node_modules\grunt-contrib-imagemin is being purged from base C:\projectk2\static\projectK-static\WebContent
388 verbose gentlyRm don't care about contents; nuking C:\projectk2\static\projectK-static\WebContent\node_modules\grunt-contrib-imagemin
389 silly gentlyRm C:\projectk2\static\projectK-static\WebContent\node_modules\grunt-contrib-imagemin is being purged from base C:\projectk2\static\projectK-static\WebContent
390 verbose gentlyRm don't care about contents; nuking C:\projectk2\static\projectK-static\WebContent\node_modules\grunt-contrib-imagemin
391 silly gentlyRm C:\projectk2\static\projectK-static\WebContent\node_modules\grunt-contrib-imagemin is being purged from base C:\projectk2\static\projectK-static\WebContent
392 verbose gentlyRm don't care about contents; nuking C:\projectk2\static\projectK-static\WebContent\node_modules\grunt-contrib-imagemin
393 silly gentlyRm C:\projectk2\static\projectK-static\WebContent\node_modules\grunt-contrib-imagemin is being purged from base C:\projectk2\static\projectK-static\WebContent
394 verbose gentlyRm don't care about contents; nuking C:\projectk2\static\projectK-static\WebContent\node_modules\grunt-contrib-imagemin
395 silly gentlyRm C:\projectk2\static\projectK-static\WebContent\node_modules\grunt-contrib-imagemin is being purged from base C:\projectk2\static\projectK-static\WebContent
396 verbose gentlyRm don't care about contents; nuking C:\projectk2\static\projectK-static\WebContent\node_modules\grunt-contrib-imagemin
397 silly gentlyRm C:\projectk2\static\projectK-static\WebContent\node_modules\grunt-contrib-imagemin is being purged from base C:\projectk2\static\projectK-static\WebContent
398 verbose gentlyRm don't care about contents; nuking C:\projectk2\static\projectK-static\WebContent\node_modules\grunt-contrib-imagemin
399 silly vacuum-fs purging C:\projectk2\static\projectK-static\WebContent\node_modules\gifsicle
400 silly vacuum-fs purging C:\projectk2\static\projectK-static\WebContent\node_modules\gifsicle
401 silly vacuum-fs purging C:\projectk2\static\projectK-static\WebContent\node_modules\gifsicle
402 silly vacuum-fs purging C:\projectk2\static\projectK-static\WebContent\node_modules\gifsicle
403 silly vacuum-fs purging C:\projectk2\static\projectK-static\WebContent\node_modules\gifsicle
404 silly vacuum-fs purging C:\projectk2\static\projectK-static\WebContent\node_modules\gifsicle
405 silly vacuum-fs purging C:\projectk2\static\projectK-static\WebContent\node_modules\gifsicle
406 silly vacuum-fs purging C:\projectk2\static\projectK-static\WebContent\node_modules\gifsicle
407 silly vacuum-fs purging C:\projectk2\static\projectK-static\WebContent\node_modules\grunt-contrib-imagemin
408 silly vacuum-fs purging C:\projectk2\static\projectK-static\WebContent\node_modules\grunt-contrib-imagemin
409 silly vacuum-fs purging C:\projectk2\static\projectK-static\WebContent\node_modules\grunt-contrib-imagemin
410 silly vacuum-fs purging C:\projectk2\static\projectK-static\WebContent\node_modules\grunt-contrib-imagemin
411 silly vacuum-fs purging C:\projectk2\static\projectK-static\WebContent\node_modules\grunt-contrib-imagemin
412 silly vacuum-fs purging C:\projectk2\static\projectK-static\WebContent\node_modules\grunt-contrib-imagemin
413 silly vacuum-fs purging C:\projectk2\static\projectK-static\WebContent\node_modules\grunt-contrib-imagemin
414 silly vacuum-fs purging C:\projectk2\static\projectK-static\WebContent\node_modules\grunt-contrib-imagemin
415 silly vacuum-fs quitting because other entries in C:\projectk2\static\projectK-static\WebContent\node_modules
416 silly vacuum-fs quitting because other entries in C:\projectk2\static\projectK-static\WebContent\node_modules
417 silly vacuum-fs quitting because other entries in C:\projectk2\static\projectK-static\WebContent\node_modules
418 silly vacuum-fs quitting because other entries in C:\projectk2\static\projectK-static\WebContent\node_modules
419 silly vacuum-fs quitting because other entries in C:\projectk2\static\projectK-static\WebContent\node_modules
420 silly vacuum-fs quitting because other entries in C:\projectk2\static\projectK-static\WebContent\node_modules
421 silly vacuum-fs quitting because other entries in C:\projectk2\static\projectK-static\WebContent\node_modules
422 silly vacuum-fs quitting because other entries in C:\projectk2\static\projectK-static\WebContent\node_modules
423 silly vacuum-fs quitting because other entries in C:\projectk2\static\projectK-static\WebContent\node_modules
424 silly vacuum-fs quitting because other entries in C:\projectk2\static\projectK-static\WebContent\node_modules
425 silly vacuum-fs quitting because other entries in C:\projectk2\static\projectK-static\WebContent\node_modules
426 silly vacuum-fs quitting because other entries in C:\projectk2\static\projectK-static\WebContent\node_modules
427 silly vacuum-fs quitting because other entries in C:\projectk2\static\projectK-static\WebContent\node_modules
428 silly vacuum-fs quitting because other entries in C:\projectk2\static\projectK-static\WebContent\node_modules
429 silly vacuum-fs quitting because other entries in C:\projectk2\static\projectK-static\WebContent\node_modules
430 silly vacuum-fs quitting because other entries in C:\projectk2\static\projectK-static\WebContent\node_modules
431 silly rollbackFailedOptional Finishing
432 silly runTopLevelLifecycles Finishing
433 silly install printInstalled
434 warn grunt-karma@0.8.3 requires a peer of karma@~0.12.0 but none was installed.
435 verbose If you need help, you may report this error at:
435 verbose     <https://github.com/npm/npm/issues>
436 warn karma-ng-html2js-preprocessor@0.1.2 requires a peer of karma@>=0.9 but none was installed.
437 verbose If you need help, you may report this error at:
437 verbose     <https://github.com/npm/npm/issues>
438 warn karma-ng-scenario@0.1.0 requires a peer of karma@>=0.9 but none was installed.
439 verbose If you need help, you may report this error at:
439 verbose     <https://github.com/npm/npm/issues>
440 warn themes@0.0.0 No description
441 verbose If you need help, you may report this error at:
441 verbose     <https://github.com/npm/npm/issues>
442 warn themes@0.0.0 No repository field.
443 verbose If you need help, you may report this error at:
443 verbose     <https://github.com/npm/npm/issues>
444 warn themes@0.0.0 No license field.
445 verbose If you need help, you may report this error at:
445 verbose     <https://github.com/npm/npm/issues>
446 verbose stack Error: gifsicle@0.1.7 postinstall: `node index.js`
446 verbose stack Exit status 1
446 verbose stack     at EventEmitter.<anonymous> (C:\Program Files\nodejs\node_modules\npm\lib\utils\lifecycle.js:279:16)
446 verbose stack     at emitTwo (events.js:106:13)
446 verbose stack     at EventEmitter.emit (events.js:191:7)
446 verbose stack     at ChildProcess.<anonymous> (C:\Program Files\nodejs\node_modules\npm\lib\utils\spawn.js:40:14)
446 verbose stack     at emitTwo (events.js:106:13)
446 verbose stack     at ChildProcess.emit (events.js:191:7)
446 verbose stack     at maybeClose (internal/child_process.js:885:16)
446 verbose stack     at Process.ChildProcess._handle.onexit (internal/child_process.js:226:5)
447 verbose pkgid gifsicle@0.1.7
448 verbose cwd C:\projectk2\static\projectK-static\WebContent
449 error Windows_NT 6.1.7601
450 error argv "C:\\Program Files\\nodejs\\node.exe" "C:\\Program Files\\nodejs\\node_modules\\npm\\bin\\npm-cli.js" "install"
451 error node v7.4.0
452 error npm  v4.0.5
453 error code ELIFECYCLE
454 error gifsicle@0.1.7 postinstall: `node index.js`
454 error Exit status 1
455 error Failed at the gifsicle@0.1.7 postinstall script 'node index.js'.
455 error Make sure you have the latest version of node.js and npm installed.
455 error If you do, this is most likely a problem with the gifsicle package,
455 error not with npm itself.
455 error Tell the author that this fails on your system:
455 error     node index.js
455 error You can get information on how to open an issue for this project with:
455 error     npm bugs gifsicle
455 error Or if that isn't available, you can get their info via:
455 error     npm owner ls gifsicle
455 error There is likely additional logging output above.
456 verbose exit [ 1, true ]
